<?xml version="1.0" encoding="UTF-8"?>
<!-- Generated by org.testng.reporters.JUnitXMLReporter -->
<testsuite hostname="a2d94430ae94" ignored="0" name="Surefire test" tests="4" failures="0" timestamp="2023-04-09T10:15:24 UTC" time="2.712" errors="0">
  <testcase name="testLoggersAreNotPublicFinalAndNotStatic on testLoggersAreNotPublicFinalAndNotStatic(org.openapitools.codegen.ArchUnitRulesTest)" time="2.456" classname="org.openapitools.codegen.ArchUnitRulesTest"/>
  <testcase name="disallowJavaUtilLogging on disallowJavaUtilLogging(org.openapitools.codegen.ArchUnitRulesTest)" time="2.52" classname="org.openapitools.codegen.ArchUnitRulesTest"/>
  <testcase name="classesNotAllowedToUseStandardStreams on classesNotAllowedToUseStandardStreams(org.openapitools.codegen.ArchUnitRulesTest)" time="2.656" classname="org.openapitools.codegen.ArchUnitRulesTest"/>
  <testcase name="abstractClassesAreAbstract on abstractClassesAreAbstract(org.openapitools.codegen.ArchUnitRulesTest)" time="2.657" classname="org.openapitools.codegen.ArchUnitRulesTest"/>
</testsuite> <!-- Surefire test -->
