<?xml version="1.0" encoding="UTF-8"?>
<!-- Generated by org.testng.reporters.JUnitXMLReporter -->
<testsuite hostname="a2d94430ae94" ignored="18" name="Surefire test" tests="1973" failures="0" timestamp="2023-04-09T10:15:20 UTC" time="55.017" errors="0">
  <testcase name="addDefaultValueDocumentationForNonContainers" time="0.26" classname="org.openapitools.codegen.java.jaxrs.JavaJaxrsBaseTest"/>
  <testcase name="doNotAddDefaultValueDocumentationForContainers" time="0.048" classname="org.openapitools.codegen.java.jaxrs.JavaJaxrsBaseTest"/>
  <testcase name="doNotGenerateJsonAnnotationForPolymorphismIfJsonExclude" time="0.213" classname="org.openapitools.codegen.java.jaxrs.JavaJaxrsBaseTest"/>
  <testcase name="generateJsonAnnotationForPolymorphism" time="0.111" classname="org.openapitools.codegen.java.jaxrs.JavaJaxrsBaseTest"/>
  <testcase name="testAddOperationToGroupUseTagsFalse" time="0.061" classname="org.openapitools.codegen.java.jaxrs.JavaJaxrsBaseTest"/>
  <testcase name="testAddOperationToGroupUseTagsTrue" time="0.042" classname="org.openapitools.codegen.java.jaxrs.JavaJaxrsBaseTest"/>
  <testcase name="testAdditionalPropertiesPutForConfigValues" time="0.023" classname="org.openapitools.codegen.java.jaxrs.JavaJAXRSCXFExtServerCodegenTest"/>
  <testcase name="testExtraAnnotations" time="1.06" classname="org.openapitools.codegen.java.jaxrs.JavaJaxrsBaseTest"/>
  <testcase name="testGenerateOperationBodyWithCodedTestData" time="0.382" classname="org.openapitools.codegen.java.jaxrs.JavaJAXRSCXFExtServerCodegenTest"/>
  <testcase name="testGenerateOperationBodyWithJsonTestData" time="0.245" classname="org.openapitools.codegen.java.jaxrs.JavaJAXRSCXFExtServerCodegenTest"/>
  <testcase name="testInitialConfigValues" time="0.0" classname="org.openapitools.codegen.java.jaxrs.JavaJAXRSCXFExtServerCodegenTest"/>
  <testcase name="testSettersForConfigValues" time="0.001" classname="org.openapitools.codegen.java.jaxrs.JavaJAXRSCXFExtServerCodegenTest"/>
  <testcase name="addDefaultValueDocumentationForNonContainers" time="0.029" classname="org.openapitools.codegen.java.jaxrs.JavaJaxrsBaseTest"/>
  <testcase name="doNotAddDefaultValueDocumentationForContainers" time="0.019" classname="org.openapitools.codegen.java.jaxrs.JavaJaxrsBaseTest"/>
  <testcase name="doNotGenerateJsonAnnotationForPolymorphismIfJsonExclude" time="0.049" classname="org.openapitools.codegen.java.jaxrs.JavaJaxrsBaseTest"/>
  <testcase name="generateJsonAnnotationForPolymorphism" time="0.045" classname="org.openapitools.codegen.java.jaxrs.JavaJaxrsBaseTest"/>
  <testcase name="mapModelTest" time="0.003" classname="org.openapitools.codegen.java.jaxrs.JavaResteasyEapServerCodegenModelTest"/>
  <testcase name="testAddOperationToGroupUseTagsFalse" time="0.018" classname="org.openapitools.codegen.java.jaxrs.JavaJaxrsBaseTest"/>
  <testcase name="testAddOperationToGroupUseTagsTrue" time="0.023" classname="org.openapitools.codegen.java.jaxrs.JavaJaxrsBaseTest"/>
  <testcase name="testExtraAnnotations" time="0.171" classname="org.openapitools.codegen.java.jaxrs.JavaJaxrsBaseTest"/>
  <testcase name="addDefaultValueDocumentationForNonContainers" time="0.026" classname="org.openapitools.codegen.java.jaxrs.JavaJaxrsBaseTest"/>
  <testcase name="doNotAddDefaultValueDocumentationForContainers" time="0.027" classname="org.openapitools.codegen.java.jaxrs.JavaJaxrsBaseTest"/>
  <testcase name="doNotGenerateJsonAnnotationForPolymorphismIfJsonExclude" time="0.059" classname="org.openapitools.codegen.java.jaxrs.JavaJaxrsBaseTest"/>
  <testcase name="generateJsonAnnotationForPolymorphism" time="0.048" classname="org.openapitools.codegen.java.jaxrs.JavaJaxrsBaseTest"/>
  <testcase name="mapModelTest" time="0.002" classname="org.openapitools.codegen.java.jaxrs.JavaJaxrsResteasyServerCodegenModelTest"/>
  <testcase name="testAddOperationToGroupUseTagsFalse" time="0.015" classname="org.openapitools.codegen.java.jaxrs.JavaJaxrsBaseTest"/>
  <testcase name="testAddOperationToGroupUseTagsTrue" time="0.015" classname="org.openapitools.codegen.java.jaxrs.JavaJaxrsBaseTest"/>
  <testcase name="testDefaultValuesFixed" time="0.013" classname="org.openapitools.codegen.java.jaxrs.JavaJaxrsResteasyServerCodegenModelTest"/>
  <testcase name="testExtraAnnotations" time="0.118" classname="org.openapitools.codegen.java.jaxrs.JavaJaxrsBaseTest"/>
  <testcase name="testHandleDefaultValue_issue8535" time="0.065" classname="org.openapitools.codegen.java.jaxrs.JavaJaxrsResteasyServerCodegenModelTest"/>
  <testcase name="addDefaultValueDocumentationForNonContainers" time="0.06" classname="org.openapitools.codegen.java.jaxrs.JavaJaxrsBaseTest"/>
  <testcase name="doNotAddDefaultValueDocumentationForContainers" time="0.039" classname="org.openapitools.codegen.java.jaxrs.JavaJaxrsBaseTest"/>
  <testcase name="doNotGenerateJsonAnnotationForPolymorphismIfJsonExclude" time="0.07" classname="org.openapitools.codegen.java.jaxrs.JavaJaxrsBaseTest"/>
  <testcase name="generateJsonAnnotationForPolymorphism" time="0.08" classname="org.openapitools.codegen.java.jaxrs.JavaJaxrsBaseTest"/>
  <testcase name="testAddOperationToGroupUseTagsFalse" time="0.029" classname="org.openapitools.codegen.java.jaxrs.JavaJaxrsBaseTest"/>
  <testcase name="testAddOperationToGroupUseTagsTrue" time="0.035" classname="org.openapitools.codegen.java.jaxrs.JavaJaxrsBaseTest"/>
  <testcase name="testExtraAnnotations" time="0.223" classname="org.openapitools.codegen.java.jaxrs.JavaJaxrsBaseTest"/>
  <testcase name="testHandleDefaultValue_issue8535" time="0.091" classname="org.openapitools.codegen.java.jaxrs.JavaJAXRSCXFCDIServerCodegenTest"/>
  <testcase name="addDefaultValueDocumentationForNonContainers" time="0.025" classname="org.openapitools.codegen.java.jaxrs.JavaJaxrsBaseTest"/>
  <testcase name="addsImportForSetArgument" time="0.025" classname="org.openapitools.codegen.java.jaxrs.JavaJAXRSSpecServerCodegenTest"/>
  <testcase name="addsImportForSetResponse" time="0.04" classname="org.openapitools.codegen.java.jaxrs.JavaJAXRSSpecServerCodegenTest"/>
  <testcase name="arrayNullableDefaultValueTests" time="0.09" classname="org.openapitools.codegen.java.jaxrs.JavaJAXRSSpecServerCodegenTest"/>
  <testcase name="doNotAddDefaultValueDocumentationForContainers" time="0.019" classname="org.openapitools.codegen.java.jaxrs.JavaJaxrsBaseTest"/>
  <testcase name="doNotGenerateJsonAnnotationForPolymorphismIfJsonExclude" time="0.052" classname="org.openapitools.codegen.java.jaxrs.JavaJaxrsBaseTest"/>
  <testcase name="generateApiForQuarkusWithGzipFeature" time="0.018" classname="org.openapitools.codegen.java.jaxrs.JavaJAXRSSpecServerCodegenTest"/>
  <testcase name="generateApiWithAsyncSupport" time="0.021" classname="org.openapitools.codegen.java.jaxrs.JavaJAXRSSpecServerCodegenTest"/>
  <testcase name="generateApiWithAsyncSupportAndInterfaceOnly" time="0.015" classname="org.openapitools.codegen.java.jaxrs.JavaJAXRSSpecServerCodegenTest"/>
  <testcase name="generateApiWithAsyncSupportAndInterfaceOnlyAndResponse" time="0.017" classname="org.openapitools.codegen.java.jaxrs.JavaJAXRSSpecServerCodegenTest"/>
  <testcase name="generateDeepObjectArrayWithPattern" time="0.04" classname="org.openapitools.codegen.java.jaxrs.JavaJAXRSSpecServerCodegenTest"/>
  <testcase name="generateJsonAnnotationForPolymorphism" time="0.058" classname="org.openapitools.codegen.java.jaxrs.JavaJaxrsBaseTest"/>
  <testcase name="generatePetstoreAPIWithAsyncSupport" time="0.217" classname="org.openapitools.codegen.java.jaxrs.JavaJAXRSSpecServerCodegenTest"/>
  <testcase name="generatePingWithAsyncSupportPrimitiveType" time="0.02" classname="org.openapitools.codegen.java.jaxrs.JavaJAXRSSpecServerCodegenTest"/>
  <testcase name="testAddOperationToGroupForRootResourceAndUseTagsFalse" time="0.0" classname="org.openapitools.codegen.java.jaxrs.JavaJAXRSSpecServerCodegenTest"/>
  <testcase name="testAddOperationToGroupForRootResourceAndUseTagsTrue" time="0.0" classname="org.openapitools.codegen.java.jaxrs.JavaJAXRSSpecServerCodegenTest"/>
  <testcase name="testAddOperationToGroupForRootResourcePathParamAndUseTagsFalse" time="0.0" classname="org.openapitools.codegen.java.jaxrs.JavaJAXRSSpecServerCodegenTest"/>
  <testcase name="testAddOperationToGroupForRootResourcePathParamAndUseTagsTrue" time="0.0" classname="org.openapitools.codegen.java.jaxrs.JavaJAXRSSpecServerCodegenTest"/>
  <testcase name="testAddOperationToGroupForSubresource" time="0.0" classname="org.openapitools.codegen.java.jaxrs.JavaJAXRSSpecServerCodegenTest"/>
  <testcase name="testAddOperationToGroupUseTagsFalse" time="0.021" classname="org.openapitools.codegen.java.jaxrs.JavaJaxrsBaseTest"/>
  <testcase name="testAddOperationToGroupUseTagsTrue" time="0.02" classname="org.openapitools.codegen.java.jaxrs.JavaJaxrsBaseTest"/>
  <testcase name="testAdditionalPropertiesPutForConfigValues" time="0.001" classname="org.openapitools.codegen.java.jaxrs.JavaJAXRSSpecServerCodegenTest"/>
  <testcase name="testExtraAnnotations" time="0.134" classname="org.openapitools.codegen.java.jaxrs.JavaJaxrsBaseTest"/>
  <testcase name="testGenerateApiWithCookieParameter_issue2908" time="0.232" classname="org.openapitools.codegen.java.jaxrs.JavaJAXRSSpecServerCodegenTest"/>
  <testcase name="testGenerateApiWithPrecedingPathParameter_issue1347" time="0.037" classname="org.openapitools.codegen.java.jaxrs.JavaJAXRSSpecServerCodegenTest"/>
  <testcase name="testGeneratePingAlternativeLocation1" time="0.034" classname="org.openapitools.codegen.java.jaxrs.JavaJAXRSSpecServerCodegenTest"/>
  <testcase name="testGeneratePingAlternativeLocation2" time="0.031" classname="org.openapitools.codegen.java.jaxrs.JavaJAXRSSpecServerCodegenTest"/>
  <testcase name="testGeneratePingDefaultLocation" time="0.032" classname="org.openapitools.codegen.java.jaxrs.JavaJAXRSSpecServerCodegenTest"/>
  <testcase name="testGeneratePingNoSpecFile" time="0.023" classname="org.openapitools.codegen.java.jaxrs.JavaJAXRSSpecServerCodegenTest"/>
  <testcase name="testHandleDefaultValue_issue8535" time="0.049" classname="org.openapitools.codegen.java.jaxrs.JavaJAXRSSpecServerCodegenTest"/>
  <testcase name="testHandleRequiredAndReadOnlyPropertiesCorrectly" time="0.035" classname="org.openapitools.codegen.java.jaxrs.JavaJAXRSSpecServerCodegenTest"/>
  <testcase name="testInitialConfigValues" time="0.001" classname="org.openapitools.codegen.java.jaxrs.JavaJAXRSSpecServerCodegenTest"/>
  <testcase name="testSettersForConfigValues" time="0.0" classname="org.openapitools.codegen.java.jaxrs.JavaJAXRSSpecServerCodegenTest"/>
  <testcase name="testToApiNameForSubresource" time="0.0" classname="org.openapitools.codegen.java.jaxrs.JavaJAXRSSpecServerCodegenTest"/>
  <testcase name="addDefaultValueDocumentationForNonContainers" time="0.025" classname="org.openapitools.codegen.java.jaxrs.JavaJaxrsBaseTest"/>
  <testcase name="doNotAddDefaultValueDocumentationForContainers" time="0.031" classname="org.openapitools.codegen.java.jaxrs.JavaJaxrsBaseTest"/>
  <testcase name="doNotGenerateJsonAnnotationForPolymorphismIfJsonExclude" time="0.062" classname="org.openapitools.codegen.java.jaxrs.JavaJaxrsBaseTest"/>
  <testcase name="generateJsonAnnotationForPolymorphism" time="0.067" classname="org.openapitools.codegen.java.jaxrs.JavaJaxrsBaseTest"/>
  <testcase name="testAddOperationToGroupUseTagsFalse" time="0.01" classname="org.openapitools.codegen.java.jaxrs.JavaJaxrsBaseTest"/>
  <testcase name="testAddOperationToGroupUseTagsTrue" time="0.011" classname="org.openapitools.codegen.java.jaxrs.JavaJaxrsBaseTest"/>
  <testcase name="testAdditionalPropertiesPutForConfigValues" time="0.0" classname="org.openapitools.codegen.java.jaxrs.JavaJerseyServerCodegenTest"/>
  <testcase name="testExtraAnnotations" time="0.113" classname="org.openapitools.codegen.java.jaxrs.JavaJaxrsBaseTest"/>
  <testcase name="testHandleDefaultValue_issue8535" time="0.051" classname="org.openapitools.codegen.java.jaxrs.JavaJerseyServerCodegenTest"/>
  <testcase name="testInitialConfigValues" time="0.0" classname="org.openapitools.codegen.java.jaxrs.JavaJerseyServerCodegenTest"/>
  <testcase name="testMultipartJerseyServer" time="0.317" classname="org.openapitools.codegen.java.jaxrs.JavaJerseyServerCodegenTest"/>
  <testcase name="testMultipartJerseyServer" time="0.089" classname="org.openapitools.codegen.java.jaxrs.JavaJerseyServerCodegenTest"/>
  <testcase name="testMultipartJerseyServer" time="0.092" classname="org.openapitools.codegen.java.jaxrs.JavaJerseyServerCodegenTest"/>
  <testcase name="testMultipartJerseyServer" time="0.096" classname="org.openapitools.codegen.java.jaxrs.JavaJerseyServerCodegenTest"/>
  <testcase name="testSettersForConfigValues" time="0.0" classname="org.openapitools.codegen.java.jaxrs.JavaJerseyServerCodegenTest"/>
  <testcase name="additionalPropertyArtifactSnapShotVersionTest" time="0.0" classname="org.openapitools.codegen.java.AbstractJavaCodegenTest"/>
  <testcase name="additionalPropertyArtifactVersionTest" time="0.0" classname="org.openapitools.codegen.java.AbstractJavaCodegenTest"/>
  <testcase name="allowsProgrammaticallySettingArtifactVersionWithNullOpenApiVersion" time="0.0" classname="org.openapitools.codegen.java.AbstractJavaCodegenTest"/>
  <testcase name="allowsProgrammaticallySettingArtifactVersionWithSpecifiedOpenApiVersion" time="0.0" classname="org.openapitools.codegen.java.AbstractJavaCodegenTest"/>
  <testcase name="apiDocFileFolder" time="0.0" classname="org.openapitools.codegen.java.AbstractJavaCodegenTest"/>
  <testcase name="apiFileFolder" time="0.0" classname="org.openapitools.codegen.java.AbstractJavaCodegenTest"/>
  <testcase name="apiTestFileFolder" time="0.0" classname="org.openapitools.codegen.java.AbstractJavaCodegenTest"/>
  <testcase name="apiTestFileFolderDirect" time="0.0" classname="org.openapitools.codegen.java.AbstractJavaCodegenTest"/>
  <testcase name="convertModelName" time="0.001" classname="org.openapitools.codegen.java.AbstractJavaCodegenTest"/>
  <testcase name="convertVarName" time="0.002" classname="org.openapitools.codegen.java.AbstractJavaCodegenTest"/>
  <testcase name="dateDefaultValueIsIsoDate" time="0.024" classname="org.openapitools.codegen.java.AbstractJavaCodegenTest"/>
  <testcase name="dateDefaultValueIsIsoDateTime" time="0.01" classname="org.openapitools.codegen.java.AbstractJavaCodegenTest"/>
  <testcase name="defaultVersionTest" time="0.001" classname="org.openapitools.codegen.java.AbstractJavaCodegenTest"/>
  <testcase name="getTypeDeclarationGivenSchemaMappingTest" time="0.0" classname="org.openapitools.codegen.java.AbstractJavaCodegenTest"/>
  <testcase name="getTypeDeclarationTest" time="0.001" classname="org.openapitools.codegen.java.AbstractJavaCodegenTest"/>
  <testcase name="maplikeDefaultValueForModelWithStringToModelMapping" time="0.007" classname="org.openapitools.codegen.java.AbstractJavaCodegenTest"/>
  <testcase name="maplikeDefaultValueForModelWithStringToStringMapping" time="0.007" classname="org.openapitools.codegen.java.AbstractJavaCodegenTest"/>
  <testcase name="modelFileFolder" time="0.0" classname="org.openapitools.codegen.java.AbstractJavaCodegenTest"/>
  <testcase name="modelTestFileFolder" time="0.0" classname="org.openapitools.codegen.java.AbstractJavaCodegenTest"/>
  <testcase name="modelTestFileFolderDirect" time="0.001" classname="org.openapitools.codegen.java.AbstractJavaCodegenTest"/>
  <testcase name="nullDefaultValueForModelWithDynamicProperties" time="0.006" classname="org.openapitools.codegen.java.AbstractJavaCodegenTest"/>
  <testcase name="openApiSnapShotVersionTest" time="0.0" classname="org.openapitools.codegen.java.AbstractJavaCodegenTest"/>
  <testcase name="openApiVersionTest" time="0.0" classname="org.openapitools.codegen.java.AbstractJavaCodegenTest"/>
  <testcase name="processOptsBooleanFalseFromBoolean" time="0.046" classname="org.openapitools.codegen.java.AbstractJavaCodegenTest"/>
  <testcase name="processOptsBooleanFalseFromGarbage" time="0.033" classname="org.openapitools.codegen.java.AbstractJavaCodegenTest"/>
  <testcase name="processOptsBooleanFalseFromNumeric" time="0.031" classname="org.openapitools.codegen.java.AbstractJavaCodegenTest"/>
  <testcase name="processOptsBooleanFalseFromString" time="0.031" classname="org.openapitools.codegen.java.AbstractJavaCodegenTest"/>
  <testcase name="processOptsBooleanTrueFromBoolean" time="0.027" classname="org.openapitools.codegen.java.AbstractJavaCodegenTest"/>
  <testcase name="processOptsBooleanTrueFromString" time="0.026" classname="org.openapitools.codegen.java.AbstractJavaCodegenTest"/>
  <testcase name="snapshotVersionAlreadySnapshotTest" time="0.001" classname="org.openapitools.codegen.java.AbstractJavaCodegenTest"/>
  <testcase name="snapshotVersionOpenAPITest" time="0.0" classname="org.openapitools.codegen.java.AbstractJavaCodegenTest"/>
  <testcase name="snapshotVersionTest" time="0.0" classname="org.openapitools.codegen.java.AbstractJavaCodegenTest"/>
  <testcase name="srcMainFolderShouldNotBeOperatingSystemSpecificPaths" time="0.0" classname="org.openapitools.codegen.java.AbstractJavaCodegenTest"/>
  <testcase name="srcTestFolderShouldNotBeOperatingSystemSpecificPaths" time="0.0" classname="org.openapitools.codegen.java.AbstractJavaCodegenTest"/>
  <testcase name="testAdditionalModelTypeAnnotationsMixed" time="0.0" classname="org.openapitools.codegen.java.AbstractJavaCodegenTest"/>
  <testcase name="testAdditionalModelTypeAnnotationsNewLineLinux" time="0.0" classname="org.openapitools.codegen.java.AbstractJavaCodegenTest"/>
  <testcase name="testAdditionalModelTypeAnnotationsNewLineWindows" time="0.0" classname="org.openapitools.codegen.java.AbstractJavaCodegenTest"/>
  <testcase name="testAdditionalModelTypeAnnotationsNoDuplicate" time="0.0" classname="org.openapitools.codegen.java.AbstractJavaCodegenTest"/>
  <testcase name="testAdditionalModelTypeAnnotationsSemiColon" time="0.0" classname="org.openapitools.codegen.java.AbstractJavaCodegenTest"/>
  <testcase name="testAdditionalPropertiesPutForConfigValues" time="0.0" classname="org.openapitools.codegen.java.AbstractJavaCodegenTest"/>
  <testcase name="testInitialConfigValues" time="0.001" classname="org.openapitools.codegen.java.AbstractJavaCodegenTest"/>
  <testcase name="testOneOfModelImports" time="0.006" classname="org.openapitools.codegen.java.AbstractJavaCodegenTest"/>
  <testcase name="testPreprocessOpenAPI" time="0.025" classname="org.openapitools.codegen.java.AbstractJavaCodegenTest"/>
  <testcase name="testPreprocessOpenAPINumVersion" time="0.032" classname="org.openapitools.codegen.java.AbstractJavaCodegenTest"/>
  <testcase name="testSettersForConfigValues" time="0.0" classname="org.openapitools.codegen.java.AbstractJavaCodegenTest"/>
  <testcase name="toDefaultValueDateTimeLegacyTest" time="0.001" classname="org.openapitools.codegen.java.AbstractJavaCodegenTest"/>
  <testcase name="toDefaultValueTest" time="0.002" classname="org.openapitools.codegen.java.AbstractJavaCodegenTest"/>
  <testcase name="toEnumValue" time="0.0" classname="org.openapitools.codegen.java.AbstractJavaCodegenTest"/>
  <testcase name="toEnumVarNameShouldNotResultInSingleUnderscore" time="0.0" classname="org.openapitools.codegen.java.AbstractJavaCodegenTest"/>
  <testcase name="toEnumVarNameShouldNotShortenUnderScore" time="0.0" classname="org.openapitools.codegen.java.AbstractJavaCodegenTest"/>
  <testcase name="toModelNameShouldNotUseProvidedMapping" time="0.0" classname="org.openapitools.codegen.java.AbstractJavaCodegenTest"/>
  <testcase name="toModelNameUsesPascalCase" time="0.001" classname="org.openapitools.codegen.java.AbstractJavaCodegenTest"/>
  <testcase name="toVarNameShouldAvoidOverloadingGetClassMethod" time="0.0" classname="org.openapitools.codegen.java.AbstractJavaCodegenTest"/>
  <testcase name="usesDefaultVersionWhenAdditionalPropertiesVersionIsNull" time="0.0" classname="org.openapitools.codegen.java.AbstractJavaCodegenTest"/>
  <testcase name="advancedMapPropertyTest" time="0.002" classname="org.openapitools.codegen.objc.ObjcModelTest"/>
  <testcase name="arrayModelTest" time="0.005" classname="org.openapitools.codegen.objc.ObjcModelTest"/>
  <testcase name="binaryDataModelTest" time="0.042" classname="org.openapitools.codegen.objc.ObjcModelTest"/>
  <testcase name="complexListPropertyTest" time="0.001" classname="org.openapitools.codegen.objc.ObjcModelTest"/>
  <testcase name="complexMapPropertyTest" time="0.001" classname="org.openapitools.codegen.objc.ObjcModelTest"/>
  <testcase name="complexPropertyTest" time="0.0" classname="org.openapitools.codegen.objc.ObjcModelTest"/>
  <testcase name="isArrayModelTest" time="0.263" classname="org.openapitools.codegen.objc.ObjcModelTest"/>
  <testcase name="issue316Test" time="0.01" classname="org.openapitools.codegen.objc.ObjcModelTest"/>
  <testcase name="listPropertyTest" time="0.002" classname="org.openapitools.codegen.objc.ObjcModelTest"/>
  <testcase name="mapModelTest" time="0.001" classname="org.openapitools.codegen.objc.ObjcModelTest"/>
  <testcase name="mapPropertyTest" time="0.001" classname="org.openapitools.codegen.objc.ObjcModelTest"/>
  <testcase name="mixedPropertiesDataModelTest" time="0.084" classname="org.openapitools.codegen.objc.ObjcModelTest"/>
  <testcase name="simpleModelTest" time="0.001" classname="org.openapitools.codegen.objc.ObjcModelTest"/>
  <testcase name="uuidAndPasswordDataModelTest" time="0.079" classname="org.openapitools.codegen.objc.ObjcModelTest"/>
  <testcase name="aggregatedEntitiesTest" time="0.007" classname="org.openapitools.codegen.plantuml.PlantumlDocumentationCodegenTest"/>
  <testcase name="inheritedEntitiesTest" time="0.009" classname="org.openapitools.codegen.plantuml.PlantumlDocumentationCodegenTest"/>
  <testcase name="listFieldTest" time="0.001" classname="org.openapitools.codegen.plantuml.PlantumlDocumentationCodegenTest"/>
  <testcase name="sharedIdenticalInlineAllOfTest" time="0.001" classname="org.openapitools.codegen.plantuml.PlantumlDocumentationCodegenTest"/>
  <testcase name="simpleEntityTest" time="0.001" classname="org.openapitools.codegen.plantuml.PlantumlDocumentationCodegenTest"/>
  <testcase name="allOfCompositionTest" time="0.01" classname="org.openapitools.codegen.ruby.RubyClientCodegenTest"/>
  <testcase name="allOfDuplicatedPropertiesTest" time="0.006" classname="org.openapitools.codegen.ruby.RubyClientCodegenTest"/>
  <testcase name="allOfMappingDuplicatedPropertiesTestForAdult" time="0.01" classname="org.openapitools.codegen.ruby.RubyClientCodegenTest"/>
  <testcase name="allOfMappingDuplicatedPropertiesTestForChild" time="0.013" classname="org.openapitools.codegen.ruby.RubyClientCodegenTest"/>
  <testcase name="allOfTest" time="0.007" classname="org.openapitools.codegen.ruby.RubyClientCodegenTest"/>
  <testcase name="allOfTestLegacy" time="0.005" classname="org.openapitools.codegen.ruby.RubyClientCodegenTest"/>
  <testcase name="anyOfTest" time="0.004" classname="org.openapitools.codegen.ruby.RubyClientCodegenTest"/>
  <testcase name="bodyParameterTest" time="0.074" classname="org.openapitools.codegen.ruby.RubyClientCodegenTest"/>
  <testcase name="enumParameterTest" time="0.085" classname="org.openapitools.codegen.ruby.RubyClientCodegenTest"/>
  <testcase name="exampleRegexParameterValidationOAS3Test" time="0.007" classname="org.openapitools.codegen.ruby.RubyClientCodegenTest"/>
  <testcase name="exampleStringFromExampleParameterOAS2Test" time="0.032" classname="org.openapitools.codegen.ruby.RubyClientCodegenTest"/>
  <testcase name="exampleStringFromXExampleParameterOAS3Test" time="0.031" classname="org.openapitools.codegen.ruby.RubyClientCodegenTest"/>
  <testcase name="nullableParameterOAS2Test" time="0.026" classname="org.openapitools.codegen.ruby.RubyClientCodegenTest"/>
  <testcase name="nullableParameterOAS3Test" time="0.033" classname="org.openapitools.codegen.ruby.RubyClientCodegenTest"/>
  <testcase name="nullablePropertyTest" time="0.034" classname="org.openapitools.codegen.ruby.RubyClientCodegenTest"/>
  <testcase name="oneOfTest" time="0.007" classname="org.openapitools.codegen.ruby.RubyClientCodegenTest"/>
  <testcase name="propertiesWithoutNullableTest" time="0.033" classname="org.openapitools.codegen.ruby.RubyClientCodegenTest"/>
  <testcase name="testAdditionalPropertiesPutForConfigValues" time="0.001" classname="org.openapitools.codegen.ruby.RubyClientCodegenTest"/>
  <testcase name="testBooleanDefaultValue" time="0.076" classname="org.openapitools.codegen.ruby.RubyClientCodegenTest"/>
  <testcase name="testGenerateRubyClientWithHtmlEntity" time="0.062" classname="org.openapitools.codegen.ruby.RubyClientCodegenTest"/>
  <testcase name="testInitialConfigValues" time="0.0" classname="org.openapitools.codegen.ruby.RubyClientCodegenTest"/>
  <testcase name="testSettersForConfigValues" time="0.001" classname="org.openapitools.codegen.ruby.RubyClientCodegenTest"/>
  <testcase name="typeMappingTest" time="0.007" classname="org.openapitools.codegen.ruby.RubyClientCodegenTest"/>
  <testcase name="allUpperCaseOneNonLetterNamesTest" time="0.001" classname="org.openapitools.codegen.java.JavaModelTest"/>
  <testcase name="arrayModelTest" time="0.001" classname="org.openapitools.codegen.java.JavaModelTest"/>
  <testcase name="arrayModelWithItemNameTest" time="0.001" classname="org.openapitools.codegen.java.JavaModelTest"/>
  <testcase name="arrayOfArraySchemaTest" time="0.001" classname="org.openapitools.codegen.java.JavaModelTest"/>
  <testcase name="arrayOfArraySchemaTestInOperationResponse" time="0.002" classname="org.openapitools.codegen.java.JavaModelTest"/>
  <testcase name="arrayOfArraySchemaTestInRequestBody" time="0.005" classname="org.openapitools.codegen.java.JavaModelTest"/>
  <testcase name="arraySchemaTest" time="0.0" classname="org.openapitools.codegen.java.JavaModelTest"/>
  <testcase name="arraySchemaTestInOperationResponse" time="0.007" classname="org.openapitools.codegen.java.JavaModelTest"/>
  <testcase name="arraySchemaTestInRequestBody" time="0.002" classname="org.openapitools.codegen.java.JavaModelTest"/>
  <testcase name="binaryDataTest" time="0.006" classname="org.openapitools.codegen.java.JavaModelTest"/>
  <testcase name="booleanPropertyTest" time="0.0" classname="org.openapitools.codegen.java.JavaModelTest"/>
  <testcase name="classPropertyTest" time="0.002" classname="org.openapitools.codegen.java.JavaModelTest"/>
  <testcase name="classPropertyTest" time="0.001" classname="org.openapitools.codegen.java.JavaModelTest"/>
  <testcase name="classPropertyTest" time="0.001" classname="org.openapitools.codegen.java.JavaModelTest"/>
  <testcase name="complexArrayPropertyTest" time="0.002" classname="org.openapitools.codegen.java.JavaModelTest"/>
  <testcase name="complexListPropertyTest" time="0.001" classname="org.openapitools.codegen.java.JavaModelTest"/>
  <testcase name="complexMapPropertyTest" time="0.001" classname="org.openapitools.codegen.java.JavaModelTest"/>
  <testcase name="complexPropertiesTest" time="0.001" classname="org.openapitools.codegen.java.JavaModelTest"/>
  <testcase name="complexSetPropertyTest" time="0.002" classname="org.openapitools.codegen.java.JavaModelTest"/>
  <testcase name="convertParameterTest" time="0.001" classname="org.openapitools.codegen.java.JavaModelTest"/>
  <testcase name="escapeNamesTest" time="0.001" classname="org.openapitools.codegen.java.JavaModelTest"/>
  <testcase name="firstTwoUpperCaseLetterNamesTest" time="0.0" classname="org.openapitools.codegen.java.JavaModelTest"/>
  <testcase name="generateEmpty" time="0.071" classname="org.openapitools.codegen.java.JavaModelTest"/>
  <testcase name="generateModel" time="0.252" classname="org.openapitools.codegen.java.JavaModelTest"/>
  <testcase name="hyphensTest" time="0.001" classname="org.openapitools.codegen.java.JavaModelTest"/>
  <testcase name="integerPropertyInReferencedSchemaTest" time="0.001" classname="org.openapitools.codegen.java.JavaModelTest"/>
  <testcase name="integerPropertyTest" time="0.0" classname="org.openapitools.codegen.java.JavaModelTest"/>
  <testcase name="invalidParamNameTest" time="0.0" classname="org.openapitools.codegen.java.JavaModelTest"/>
  <testcase name="list2DPropertyTest" time="0.001" classname="org.openapitools.codegen.java.JavaModelTest"/>
  <testcase name="listPropertyTest" time="0.001" classname="org.openapitools.codegen.java.JavaModelTest"/>
  <testcase name="longPropertyInReferencedSchemaTest" time="0.001" classname="org.openapitools.codegen.java.JavaModelTest"/>
  <testcase name="longPropertyTest" time="0.0" classname="org.openapitools.codegen.java.JavaModelTest"/>
  <testcase name="mapModelTest" time="0.001" classname="org.openapitools.codegen.java.JavaModelTest"/>
  <testcase name="mapPropertyTest" time="0.002" classname="org.openapitools.codegen.java.JavaModelTest"/>
  <testcase name="mapWithAnListOfBigDecimalTest" time="0.003" classname="org.openapitools.codegen.java.JavaModelTest"/>
  <testcase name="mapWithListPropertyTest" time="0.002" classname="org.openapitools.codegen.java.JavaModelTest"/>
  <testcase name="modelNameTest" time="0.001" classname="org.openapitools.codegen.java.JavaModelTest"/>
  <testcase name="modelNameTest" time="0.001" classname="org.openapitools.codegen.java.JavaModelTest"/>
  <testcase name="modelNameTest" time="0.0" classname="org.openapitools.codegen.java.JavaModelTest"/>
  <testcase name="modelNameTest" time="0.0" classname="org.openapitools.codegen.java.JavaModelTest"/>
  <testcase name="modelNameTest" time="0.0" classname="org.openapitools.codegen.java.JavaModelTest"/>
  <testcase name="modelNameTest" time="0.0" classname="org.openapitools.codegen.java.JavaModelTest"/>
  <testcase name="modelNameTest" time="0.001" classname="org.openapitools.codegen.java.JavaModelTest"/>
  <testcase name="modelNameTest" time="0.0" classname="org.openapitools.codegen.java.JavaModelTest"/>
  <testcase name="modelWithWrappedXmlTest" time="0.001" classname="org.openapitools.codegen.java.JavaModelTest"/>
  <testcase name="modelWithXmlTest" time="0.001" classname="org.openapitools.codegen.java.JavaModelTest"/>
  <testcase name="restrictedCharactersPropertiesTest" time="0.001" classname="org.openapitools.codegen.java.JavaModelTest"/>
  <testcase name="secondCharUpperCaseNamesTest" time="0.001" classname="org.openapitools.codegen.java.JavaModelTest"/>
  <testcase name="setModelTest" time="0.0" classname="org.openapitools.codegen.java.JavaModelTest"/>
  <testcase name="setPropertyTest" time="0.0" classname="org.openapitools.codegen.java.JavaModelTest"/>
  <testcase name="simpleModelTest" time="0.001" classname="org.openapitools.codegen.java.JavaModelTest"/>
  <testcase name="squareBracketsTest" time="0.001" classname="org.openapitools.codegen.java.JavaModelTest"/>
  <testcase name="stringPropertyInObjectTest" time="0.001" classname="org.openapitools.codegen.java.JavaModelTest"/>
  <testcase name="stringPropertyPasswordFormatTest" time="0.001" classname="org.openapitools.codegen.java.JavaModelTest"/>
  <testcase name="stringPropertyReferencedInObjectTest" time="0.0" classname="org.openapitools.codegen.java.JavaModelTest"/>
  <testcase name="stringPropertyTest" time="0.001" classname="org.openapitools.codegen.java.JavaModelTest"/>
  <testcase name="upperCaseNamesNumbersTest" time="0.0" classname="org.openapitools.codegen.java.JavaModelTest"/>
  <testcase name="upperCaseNamesTest" time="0.001" classname="org.openapitools.codegen.java.JavaModelTest"/>
  <testcase name="apIFileFolder" time="0.001" classname="org.openapitools.codegen.kotlin.AbstractKotlinCodegenTest"/>
  <testcase name="apiTestFileFolder" time="0.0" classname="org.openapitools.codegen.kotlin.AbstractKotlinCodegenTest"/>
  <testcase name="camlCaseEnumConverter" time="0.003" classname="org.openapitools.codegen.kotlin.AbstractKotlinCodegenTest"/>
  <testcase name="convertApiNameWithEmptySuffix" time="0.0" classname="org.openapitools.codegen.kotlin.AbstractKotlinCodegenTest"/>
  <testcase name="convertApiNameWithSuffix" time="0.001" classname="org.openapitools.codegen.kotlin.AbstractKotlinCodegenTest"/>
  <testcase name="convertModelName" time="0.001" classname="org.openapitools.codegen.kotlin.AbstractKotlinCodegenTest"/>
  <testcase name="convertModelNameTitleCase" time="0.0" classname="org.openapitools.codegen.kotlin.AbstractKotlinCodegenTest"/>
  <testcase name="convertVarName" time="0.004" classname="org.openapitools.codegen.kotlin.AbstractKotlinCodegenTest"/>
  <testcase name="handleInheritance" time="0.012" classname="org.openapitools.codegen.kotlin.AbstractKotlinCodegenTest"/>
  <testcase name="handleInheritanceWithObjectTypeShouldNotBeAMap" time="0.005" classname="org.openapitools.codegen.kotlin.AbstractKotlinCodegenTest"/>
  <testcase name="isDataTypeString" time="0.0" classname="org.openapitools.codegen.kotlin.AbstractKotlinCodegenTest"/>
  <testcase name="originalEnumConverter" time="0.0" classname="org.openapitools.codegen.kotlin.AbstractKotlinCodegenTest"/>
  <testcase name="pascalCaseEnumConverter" time="0.0" classname="org.openapitools.codegen.kotlin.AbstractKotlinCodegenTest"/>
  <testcase name="processOptsBooleanFalseFromBoolean" time="0.0" classname="org.openapitools.codegen.kotlin.AbstractKotlinCodegenTest"/>
  <testcase name="processOptsBooleanFalseFromGarbage" time="0.0" classname="org.openapitools.codegen.kotlin.AbstractKotlinCodegenTest"/>
  <testcase name="processOptsBooleanFalseFromNumeric" time="0.0" classname="org.openapitools.codegen.kotlin.AbstractKotlinCodegenTest"/>
  <testcase name="processOptsBooleanFalseFromString" time="0.0" classname="org.openapitools.codegen.kotlin.AbstractKotlinCodegenTest"/>
  <testcase name="processOptsBooleanTrueFromBoolean" time="0.001" classname="org.openapitools.codegen.kotlin.AbstractKotlinCodegenTest"/>
  <testcase name="processOptsBooleanTrueFromString" time="0.0" classname="org.openapitools.codegen.kotlin.AbstractKotlinCodegenTest"/>
  <testcase name="snake_caseEnumConverter" time="0.0" classname="org.openapitools.codegen.kotlin.AbstractKotlinCodegenTest"/>
  <testcase name="testEnumPropertyWithDefaultValue" time="0.006" classname="org.openapitools.codegen.kotlin.AbstractKotlinCodegenTest"/>
  <testcase name="toEnumValue" time="0.001" classname="org.openapitools.codegen.kotlin.AbstractKotlinCodegenTest"/>
  <testcase name="toModelNameShouldUseProvideImportMapping" time="0.0" classname="org.openapitools.codegen.kotlin.AbstractKotlinCodegenTest"/>
  <testcase name="toModelNameShouldUseProvideSchemaMapping" time="0.0" classname="org.openapitools.codegen.kotlin.AbstractKotlinCodegenTest"/>
  <testcase name="uppercaseEnumConverter" time="0.0" classname="org.openapitools.codegen.kotlin.AbstractKotlinCodegenTest"/>
  <testcase name="apiExampleDocTest" time="0.075" classname="org.openapitools.codegen.python.PythonNextgenClientCodegenTest"/>
  <testcase name="arrayModelTest" time="0.001" classname="org.openapitools.codegen.python.PythonNextgenClientCodegenTest"/>
  <testcase name="complexListPropertyTest" time="0.001" classname="org.openapitools.codegen.python.PythonNextgenClientCodegenTest"/>
  <testcase name="complexMapPropertyTest" time="0.001" classname="org.openapitools.codegen.python.PythonNextgenClientCodegenTest"/>
  <testcase name="complexPropertyTest" time="0.001" classname="org.openapitools.codegen.python.PythonNextgenClientCodegenTest"/>
  <testcase name="listPropertyTest" time="0.001" classname="org.openapitools.codegen.python.PythonNextgenClientCodegenTest"/>
  <testcase name="mapModelTest" time="0.005" classname="org.openapitools.codegen.python.PythonNextgenClientCodegenTest"/>
  <testcase name="mapPropertyTest" time="0.002" classname="org.openapitools.codegen.python.PythonNextgenClientCodegenTest"/>
  <testcase name="modelTest" time="0.017" classname="org.openapitools.codegen.python.PythonNextgenClientCodegenTest"/>
  <testcase name="simpleModelTest" time="0.001" classname="org.openapitools.codegen.python.PythonNextgenClientCodegenTest"/>
  <testcase name="testAdditionalPropertiesPutForConfigValues" time="0.0" classname="org.openapitools.codegen.python.PythonNextgenClientCodegenTest"/>
  <testcase name="testEnumNull" time="0.003" classname="org.openapitools.codegen.python.PythonNextgenClientCodegenTest"/>
  <testcase name="testGeneratedExampleValues" time="0.026" classname="org.openapitools.codegen.python.PythonNextgenClientCodegenTest"/>
  <testcase name="testInitialConfigValues" time="0.0" classname="org.openapitools.codegen.python.PythonNextgenClientCodegenTest"/>
  <testcase name="testRegularExpressionOpenAPISchemaVersion3" time="0.008" classname="org.openapitools.codegen.python.PythonNextgenClientCodegenTest"/>
  <testcase name="testSettersForConfigValues" time="0.001" classname="org.openapitools.codegen.python.PythonNextgenClientCodegenTest"/>
  <testcase name="testSingleQuotes" time="0.0" classname="org.openapitools.codegen.python.PythonNextgenClientCodegenTest"/>
  <testcase name="apiFileFolder" time="0.0" classname="org.openapitools.codegen.slim.PhpSlimServerCodegenTest"/>
  <testcase name="apiFileFolder" time="0.0" classname="org.openapitools.codegen.slim.PhpSlimServerCodegenTest"/>
  <testcase name="apiFileFolder" time="0.0" classname="org.openapitools.codegen.slim.PhpSlimServerCodegenTest"/>
  <testcase name="apiFileFolder" time="0.0" classname="org.openapitools.codegen.slim.PhpSlimServerCodegenTest"/>
  <testcase name="modelFileFolder" time="0.0" classname="org.openapitools.codegen.slim.PhpSlimServerCodegenTest"/>
  <testcase name="modelFileFolder" time="0.0" classname="org.openapitools.codegen.slim.PhpSlimServerCodegenTest"/>
  <testcase name="modelFileFolder" time="0.0" classname="org.openapitools.codegen.slim.PhpSlimServerCodegenTest"/>
  <testcase name="modelFileFolder" time="0.001" classname="org.openapitools.codegen.slim.PhpSlimServerCodegenTest"/>
  <testcase name="testEncodePath" time="0.002" classname="org.openapitools.codegen.slim.PhpSlimServerCodegenTest"/>
  <testcase name="apiFileFolder" time="0.0" classname="org.openapitools.codegen.slim4.PhpSlim4ServerCodegenTest"/>
  <testcase name="apiFileFolder" time="0.0" classname="org.openapitools.codegen.slim4.PhpSlim4ServerCodegenTest"/>
  <testcase name="apiFileFolder" time="0.001" classname="org.openapitools.codegen.slim4.PhpSlim4ServerCodegenTest"/>
  <testcase name="apiFileFolder" time="0.0" classname="org.openapitools.codegen.slim4.PhpSlim4ServerCodegenTest"/>
  <testcase name="modelFileFolder" time="0.001" classname="org.openapitools.codegen.slim4.PhpSlim4ServerCodegenTest"/>
  <testcase name="modelFileFolder" time="0.0" classname="org.openapitools.codegen.slim4.PhpSlim4ServerCodegenTest"/>
  <testcase name="modelFileFolder" time="0.0" classname="org.openapitools.codegen.slim4.PhpSlim4ServerCodegenTest"/>
  <testcase name="modelFileFolder" time="0.0" classname="org.openapitools.codegen.slim4.PhpSlim4ServerCodegenTest"/>
  <testcase name="testEncodePath" time="0.001" classname="org.openapitools.codegen.slim4.PhpSlim4ServerCodegenTest"/>
  <testcase name="apiFirstShouldNotGenerateApiOrModel" time="0.006" classname="org.openapitools.codegen.java.spring.SpringCodegenTest"/>
  <testcase name="clientOptsUnicity" time="0.002" classname="org.openapitools.codegen.java.spring.SpringCodegenTest"/>
  <testcase name="contractWithEnumContainsEnumConverter" time="0.053" classname="org.openapitools.codegen.java.spring.SpringCodegenTest"/>
  <testcase name="contractWithoutEnumDoesNotContainsEnumConverter" time="0.092" classname="org.openapitools.codegen.java.spring.SpringCodegenTest"/>
  <testcase name="doAnnotateDatesOnModelParameters" time="0.057" classname="org.openapitools.codegen.java.spring.SpringCodegenTest"/>
  <testcase name="doGenerateCookieParams" time="0.05" classname="org.openapitools.codegen.java.spring.SpringCodegenTest"/>
  <testcase name="doGeneratePathVariableForSimpleParam" time="0.052" classname="org.openapitools.codegen.java.spring.SpringCodegenTest"/>
  <testcase name="doGenerateRequestParamForSimpleParam" time="0.118" classname="org.openapitools.codegen.java.spring.SpringCodegenTest"/>
  <testcase name="doNotGenerateRequestParamForObjectQueryParam" time="0.025" classname="org.openapitools.codegen.java.spring.SpringCodegenTest"/>
  <testcase name="generateFormatForDateAndDateTimeQueryParam" time="0.045" classname="org.openapitools.codegen.java.spring.SpringCodegenTest"/>
  <testcase name="interfaceDefaultImplDisableWithResponseWrapper" time="0.0" classname="org.openapitools.codegen.java.spring.SpringCodegenTest"/>
  <testcase name="nonRequiredFieldShouldNotIncludeNotNullAnnotation_issue13365" time="0.058" classname="org.openapitools.codegen.java.spring.SpringCodegenTest"/>
  <testcase name="paramObjectImportForDifferentSpringBootVersions_issue14077" time="0.339" classname="org.openapitools.codegen.java.spring.SpringCodegenTest"/>
  <testcase name="reactiveMapTypeRequestMonoTest" time="0.028" classname="org.openapitools.codegen.java.spring.SpringCodegenTest"/>
  <testcase name="reactiveRequiredSpringBoot" time="0.0" classname="org.openapitools.codegen.java.spring.SpringCodegenTest"/>
  <testcase name="requiredFieldShouldIncludeNotNullAnnotationJakarta_issue13365_issue13885" time="0.04" classname="org.openapitools.codegen.java.spring.SpringCodegenTest"/>
  <testcase name="requiredFieldShouldIncludeNotNullAnnotationWithBeanValidationTrue_issue13365" time="0.048" classname="org.openapitools.codegen.java.spring.SpringCodegenTest"/>
  <testcase name="requiredFieldShouldIncludeNotNullAnnotationWithBeanValidationTrue_issue14252" time="0.031" classname="org.openapitools.codegen.java.spring.SpringCodegenTest"/>
  <testcase name="requiredFieldShouldIncludeNotNullAnnotation_issue13365" time="0.038" classname="org.openapitools.codegen.java.spring.SpringCodegenTest"/>
  <testcase name="shouldAddNotNullOnRequiredAttributes" time="0.017" classname="org.openapitools.codegen.java.spring.SpringCodegenTest"/>
  <testcase name="shouldAddParameterWithInHeaderWhenImplicitHeadersIsTrue_issue14418" time="0.031" classname="org.openapitools.codegen.java.spring.SpringCodegenTest"/>
  <testcase name="shouldAddValidAnnotationIntoCollectionWhenBeanValidationIsEnabled_issue14723" time="0.065" classname="org.openapitools.codegen.java.spring.SpringCodegenTest"/>
  <testcase name="shouldEscapeReservedKeyWordsForRequestParameters_7506_Regression" time="0.027" classname="org.openapitools.codegen.java.spring.SpringCodegenTest"/>
  <testcase name="shouldGenerateBeanValidationOnHeaderParams" time="0.069" classname="org.openapitools.codegen.java.spring.SpringCodegenTest"/>
  <testcase name="shouldGenerateConstructorWithOnlyRequiredParameters" time="0.08" classname="org.openapitools.codegen.java.spring.SpringCodegenTest"/>
  <testcase name="shouldGenerateDefaultValueForEnumRequestParameter" time="0.032" classname="org.openapitools.codegen.java.spring.SpringCodegenTest"/>
  <testcase name="shouldGenerateDiscriminatorFromAllOfWhenUsingLegacyDiscriminatorBehaviour_issue12692" time="0.064" classname="org.openapitools.codegen.java.spring.SpringCodegenTest"/>
  <testcase name="shouldGenerateExternalDocs" time="0.138" classname="org.openapitools.codegen.java.spring.SpringCodegenTest"/>
  <testcase name="shouldGenerateJsonPropertyAnnotationLocatedInGetters_issue5705" time="0.615" classname="org.openapitools.codegen.java.spring.SpringCodegenTest"/>
  <testcase name="shouldGenerateMethodsWithoutUsingResponseEntityAndDelegation_issue11537" time="0.025" classname="org.openapitools.codegen.java.spring.SpringCodegenTest"/>
  <testcase name="shouldGenerateMethodsWithoutUsingResponseEntityAndWithoutDelegation_issue11537" time="0.019" classname="org.openapitools.codegen.java.spring.SpringCodegenTest"/>
  <testcase name="shouldGenerateOneTagAttributeForMultipleTags_Regression11464" time="0.027" classname="org.openapitools.codegen.java.spring.SpringCodegenTest"/>
  <testcase name="shouldGenerateOneTagAttributeForMultipleTags_Regression11464" time="0.027" classname="org.openapitools.codegen.java.spring.SpringCodegenTest"/>
  <testcase name="shouldGenerateRequestParamForRefParams_3248_Regression" time="0.024" classname="org.openapitools.codegen.java.spring.SpringCodegenTest"/>
  <testcase name="shouldGenerateRequestParamForRefParams_3248_RegressionDates" time="0.023" classname="org.openapitools.codegen.java.spring.SpringCodegenTest"/>
  <testcase name="shouldGenerateValidCodeForReactiveControllerWithoutParams_issue14907" time="0.044" classname="org.openapitools.codegen.java.spring.SpringCodegenTest"/>
  <testcase name="shouldHandleContentTypeWithSecondWildcardSubtype_issue12457" time="0.031" classname="org.openapitools.codegen.java.spring.SpringCodegenTest"/>
  <testcase name="shouldHandleCustomResponseType_issue11731" time="0.042" classname="org.openapitools.codegen.java.spring.SpringCodegenTest"/>
  <testcase name="shouldHandleSeparatelyInterfaceAndModelAdditionalAnnotations" time="0.06" classname="org.openapitools.codegen.java.spring.SpringCodegenTest"/>
  <testcase name="shouldNotAddNotNullOnReadOnlyAttributes" time="0.019" classname="org.openapitools.codegen.java.spring.SpringCodegenTest"/>
  <testcase name="shouldNotUseEqualsNullableForArrayWhenNotSetInConfig_issue13385" time="0.032" classname="org.openapitools.codegen.java.spring.SpringCodegenTest"/>
  <testcase name="shouldPurAdditionalModelTypesOverAllModels" time="0.126" classname="org.openapitools.codegen.java.spring.SpringCodegenTest"/>
  <testcase name="shouldSetDefaultValueForMultipleArrayItems" time="0.03" classname="org.openapitools.codegen.java.spring.SpringCodegenTest"/>
  <testcase name="shouldUseTheSameTagNameForTheInterfaceAndTheMethod_issue11570" time="0.041" classname="org.openapitools.codegen.java.spring.SpringCodegenTest"/>
  <testcase name="springcloudWithAsyncAndJava8HasResponseWrapperCompletableFuture" time="0.0" classname="org.openapitools.codegen.java.spring.SpringCodegenTest"/>
  <testcase name="springcloudWithJava8DisableJdk8" time="0.0" classname="org.openapitools.codegen.java.spring.SpringCodegenTest"/>
  <testcase name="testAdditionalPropertiesPutForConfigValues" time="0.001" classname="org.openapitools.codegen.java.spring.SpringCodegenTest"/>
  <testcase name="testConfigFileGeneration_springdoc" time="0.0" classname="org.openapitools.codegen.java.spring.SpringCodegenTest"/>
  <testcase name="testConfigFileGeneration_springfox" time="0.0" classname="org.openapitools.codegen.java.spring.SpringCodegenTest"/>
  <testcase name="testDefaultValuesFixed" time="0.009" classname="org.openapitools.codegen.java.spring.SpringCodegenTest"/>
  <testcase name="testDiscriminatorWithMappingIssue14731" time="0.093" classname="org.openapitools.codegen.java.spring.SpringCodegenTest"/>
  <testcase name="testDiscriminatorWithoutMappingIssue14731" time="0.121" classname="org.openapitools.codegen.java.spring.SpringCodegenTest"/>
  <testcase name="testDoGenerateRequestBodyRequiredAttribute_3134_Regression" time="0.021" classname="org.openapitools.codegen.java.spring.SpringCodegenTest"/>
  <testcase name="testExtraAnnotations" time="0.106" classname="org.openapitools.codegen.java.spring.SpringCodegenTest"/>
  <testcase name="testHandleDefaultValue_issue8535" time="0.052" classname="org.openapitools.codegen.java.spring.SpringCodegenTest"/>
  <testcase name="testImportMappings" time="0.0" classname="org.openapitools.codegen.java.spring.SpringCodegenTest"/>
  <testcase name="testInitialConfigValues" time="0.0" classname="org.openapitools.codegen.java.spring.SpringCodegenTest"/>
  <testcase name="testIssue11323" time="0.028" classname="org.openapitools.codegen.java.spring.SpringCodegenTest"/>
  <testcase name="testMappingSubtypesIssue13150" time="0.04" classname="org.openapitools.codegen.java.spring.SpringCodegenTest"/>
  <testcase name="testMultipartBoot" time="0.052" classname="org.openapitools.codegen.java.spring.SpringCodegenTest"/>
  <testcase name="testNoRequestMappingAnnotation" time="0.159" classname="org.openapitools.codegen.java.spring.SpringCodegenTest"/>
  <testcase name="testNoRequestMappingAnnotation_spring_cloud_default" time="0.139" classname="org.openapitools.codegen.java.spring.SpringCodegenTest"/>
  <testcase name="testOneOf5381" time="0.062" classname="org.openapitools.codegen.java.spring.SpringCodegenTest"/>
  <testcase name="testOneOfAndAllOf" time="0.125" classname="org.openapitools.codegen.java.spring.SpringCodegenTest"/>
  <testcase name="testPutItemsMethodContainsKeyInSuperClassMethodCall_issue12494" time="0.05" classname="org.openapitools.codegen.java.spring.SpringCodegenTest"/>
  <testcase name="testRequestMappingAnnotation" time="0.136" classname="org.openapitools.codegen.java.spring.SpringCodegenTest"/>
  <testcase name="testResponseWithArray_issue11897" time="0.033" classname="org.openapitools.codegen.java.spring.SpringCodegenTest"/>
  <testcase name="testResponseWithArray_issue12524" time="0.065" classname="org.openapitools.codegen.java.spring.SpringCodegenTest"/>
  <testcase name="testSettersForConfigValues" time="0.001" classname="org.openapitools.codegen.java.spring.SpringCodegenTest"/>
  <testcase name="testTypeMappings" time="0.0" classname="org.openapitools.codegen.java.spring.SpringCodegenTest"/>
  <testcase name="useBeanValidationGenerateAnnotationsForRequestBody_issue13932" time="0.023" classname="org.openapitools.codegen.java.spring.SpringCodegenTest"/>
  <testcase name="useBeanValidationTruePerformBeanValidationFalseJava8TrueForFormatEmail" time="0.024" classname="org.openapitools.codegen.java.spring.SpringCodegenTest"/>
  <testcase name="useBeanValidationTruePerformBeanValidationFalseJava8TrueJakartaeeTrueForFormatEmail" time="0.018" classname="org.openapitools.codegen.java.spring.SpringCodegenTest"/>
  <testcase name="useBeanValidationTruePerformBeanValidationTrueJava8FalseForFormatEmail" time="0.02" classname="org.openapitools.codegen.java.spring.SpringCodegenTest"/>
  <testcase name="useBeanValidationTruePerformBeanValidationTrueJava8TrueForFormatEmail" time="0.02" classname="org.openapitools.codegen.java.spring.SpringCodegenTest"/>
  <testcase name="arbitraryObjectModelInline" time="0.027" classname="org.openapitools.codegen.InlineModelResolverTest"/>
  <testcase name="arbitraryObjectModelWithArrayInlineWithTitle" time="0.02" classname="org.openapitools.codegen.InlineModelResolverTest"/>
  <testcase name="arbitraryObjectModelWithArrayInlineWithoutTitle" time="0.024" classname="org.openapitools.codegen.InlineModelResolverTest"/>
  <testcase name="arbitraryObjectRequestBody" time="0.018" classname="org.openapitools.codegen.InlineModelResolverTest"/>
  <testcase name="arbitraryObjectRequestBodyProperty" time="0.021" classname="org.openapitools.codegen.InlineModelResolverTest"/>
  <testcase name="arbitraryObjectResponse" time="0.036" classname="org.openapitools.codegen.InlineModelResolverTest"/>
  <testcase name="arbitraryObjectResponseArray" time="0.024" classname="org.openapitools.codegen.InlineModelResolverTest"/>
  <testcase name="arbitraryObjectResponseArrayInline" time="0.021" classname="org.openapitools.codegen.InlineModelResolverTest"/>
  <testcase name="arbitraryObjectResponseWithAdditionalProperty" time="0.02" classname="org.openapitools.codegen.InlineModelResolverTest"/>
  <testcase name="arbitraryRequestBodyArray" time="0.023" classname="org.openapitools.codegen.InlineModelResolverTest"/>
  <testcase name="arbitraryRequestBodyArrayProperty" time="0.021" classname="org.openapitools.codegen.InlineModelResolverTest"/>
  <testcase name="callbacks" time="0.021" classname="org.openapitools.codegen.InlineModelResolverTest"/>
  <testcase name="emptyExampleOnStringTypeModels" time="0.022" classname="org.openapitools.codegen.InlineModelResolverTest"/>
  <testcase name="inheritanceWithInlineDiscriminator" time="0.008" classname="org.openapitools.codegen.InlineModelResolverTest"/>
  <testcase name="nonModelRequestBody" time="0.021" classname="org.openapitools.codegen.InlineModelResolverTest"/>
  <testcase name="nullable" time="0.021" classname="org.openapitools.codegen.InlineModelResolverTest"/>
  <testcase name="objectComposedWithInline" time="0.021" classname="org.openapitools.codegen.InlineModelResolverTest"/>
  <testcase name="resolveInlineArrayRequestBody" time="0.023" classname="org.openapitools.codegen.InlineModelResolverTest"/>
  <testcase name="resolveInlineArrayRequestBodyWithTitle" time="0.023" classname="org.openapitools.codegen.InlineModelResolverTest"/>
  <testcase name="resolveInlineArrayResponse" time="0.023" classname="org.openapitools.codegen.InlineModelResolverTest"/>
  <testcase name="resolveInlineArrayResponseWithTitle" time="0.021" classname="org.openapitools.codegen.InlineModelResolverTest"/>
  <testcase name="resolveInlineArraySchemaWithTitle" time="0.021" classname="org.openapitools.codegen.InlineModelResolverTest"/>
  <testcase name="resolveInlineMapSchemaInResponse" time="0.019" classname="org.openapitools.codegen.InlineModelResolverTest"/>
  <testcase name="resolveInlineModel2DifferentInnerModelsWithSameTitle" time="0.001" classname="org.openapitools.codegen.InlineModelResolverTest"/>
  <testcase name="resolveInlineModel2EqualInnerModels" time="0.0" classname="org.openapitools.codegen.InlineModelResolverTest"/>
  <testcase name="resolveInlineModelTestWithTitle" time="0.0" classname="org.openapitools.codegen.InlineModelResolverTest"/>
  <testcase name="resolveInlineModelTestWithTitleWithSpaces" time="0.0" classname="org.openapitools.codegen.InlineModelResolverTest"/>
  <testcase name="resolveInlineModelTestWithoutTitle" time="0.0" classname="org.openapitools.codegen.InlineModelResolverTest"/>
  <testcase name="resolveInlineObjectResponseWithAdditionalProperties" time="0.021" classname="org.openapitools.codegen.InlineModelResolverTest"/>
  <testcase name="resolveInlineRequestBody" time="0.021" classname="org.openapitools.codegen.InlineModelResolverTest"/>
  <testcase name="resolveInlineRequestBodyAllOf" time="0.021" classname="org.openapitools.codegen.InlineModelResolverTest"/>
  <testcase name="resolveInlineRequestBodyWhenNoComponents" time="0.003" classname="org.openapitools.codegen.InlineModelResolverTest"/>
  <testcase name="resolveInlineRequestBodyWithRequired" time="0.021" classname="org.openapitools.codegen.InlineModelResolverTest"/>
  <testcase name="resolveInlineRequestBodyWithTitle" time="0.022" classname="org.openapitools.codegen.InlineModelResolverTest"/>
  <testcase name="resolveRequestBodyInvalidRef" time="0.022" classname="org.openapitools.codegen.InlineModelResolverTest"/>
  <testcase name="testInlineResponseModel" time="0.0" classname="org.openapitools.codegen.InlineModelResolverTest"/>
  <testcase name="testInlineResponseModelType" time="0.006" classname="org.openapitools.codegen.InlineModelResolverTest"/>
  <testcase name="testInlineResponseModelWithTitle" time="0.001" classname="org.openapitools.codegen.InlineModelResolverTest"/>
  <testcase name="testInlineSchemaAllOfPropertyOfOneOf" time="0.005" classname="org.openapitools.codegen.InlineModelResolverTest"/>
  <testcase name="testInlineSchemaNameDefault" time="0.024" classname="org.openapitools.codegen.InlineModelResolverTest"/>
  <testcase name="testInlineSchemaNameMapping" time="0.022" classname="org.openapitools.codegen.InlineModelResolverTest"/>
  <testcase name="testInlineSchemaSkipReuseSetToFalse" time="0.021" classname="org.openapitools.codegen.InlineModelResolverTest"/>
  <testcase name="testInlineSchemaSkipReuseSetToTrue" time="0.023" classname="org.openapitools.codegen.InlineModelResolverTest"/>
  <testcase name="testNestedAnyOf" time="0.003" classname="org.openapitools.codegen.InlineModelResolverTest"/>
  <testcase name="arrayAsSetModelTest" time="0.002" classname="org.openapitools.codegen.scalaakka.ScalaAkkaClientCodegenTest"/>
  <testcase name="arrayModelTest" time="0.001" classname="org.openapitools.codegen.scalaakka.ScalaAkkaClientCodegenTest"/>
  <testcase name="codeGenerationJava8Test" time="0.156" classname="org.openapitools.codegen.scalaakka.ScalaAkkaClientCodegenTest"/>
  <testcase name="codeGenerationTest" time="0.034" classname="org.openapitools.codegen.scalaakka.ScalaAkkaClientCodegenTest"/>
  <testcase name="complexListPropertyTest" time="0.004" classname="org.openapitools.codegen.scalaakka.ScalaAkkaClientCodegenTest"/>
  <testcase name="complexMapPropertyTest" time="0.001" classname="org.openapitools.codegen.scalaakka.ScalaAkkaClientCodegenTest"/>
  <testcase name="complexPropertyTest" time="0.001" classname="org.openapitools.codegen.scalaakka.ScalaAkkaClientCodegenTest"/>
  <testcase name="complexSetPropertyTest" time="0.001" classname="org.openapitools.codegen.scalaakka.ScalaAkkaClientCodegenTest"/>
  <testcase name="listPropertyTest" time="0.0" classname="org.openapitools.codegen.scalaakka.ScalaAkkaClientCodegenTest"/>
  <testcase name="mainPackageTest" time="0.041" classname="org.openapitools.codegen.scalaakka.ScalaAkkaClientCodegenTest"/>
  <testcase name="mapModelTest" time="0.001" classname="org.openapitools.codegen.scalaakka.ScalaAkkaClientCodegenTest"/>
  <testcase name="mapPropertyTest" time="0.001" classname="org.openapitools.codegen.scalaakka.ScalaAkkaClientCodegenTest"/>
  <testcase name="overridePackagesTest" time="0.036" classname="org.openapitools.codegen.scalaakka.ScalaAkkaClientCodegenTest"/>
  <testcase name="simpleModelTest" time="0.001" classname="org.openapitools.codegen.scalaakka.ScalaAkkaClientCodegenTest"/>
  <testcase name="stripModelNameTest" time="0.001" classname="org.openapitools.codegen.scalaakka.ScalaAkkaClientCodegenTest"/>
  <testcase name="arrayAsSetModelTest" time="0.001" classname="org.openapitools.codegen.scalahttpclient.ScalaHttpClientModelTest"/>
  <testcase name="arrayModelTest" time="0.001" classname="org.openapitools.codegen.scalahttpclient.ScalaHttpClientModelTest"/>
  <testcase name="complexListPropertyTest" time="0.001" classname="org.openapitools.codegen.scalahttpclient.ScalaHttpClientModelTest"/>
  <testcase name="complexMapPropertyTest" time="0.002" classname="org.openapitools.codegen.scalahttpclient.ScalaHttpClientModelTest"/>
  <testcase name="complexPropertyTest" time="0.0" classname="org.openapitools.codegen.scalahttpclient.ScalaHttpClientModelTest"/>
  <testcase name="complexSetPropertyTest" time="0.0" classname="org.openapitools.codegen.scalahttpclient.ScalaHttpClientModelTest"/>
  <testcase name="listPropertyTest" time="0.001" classname="org.openapitools.codegen.scalahttpclient.ScalaHttpClientModelTest"/>
  <testcase name="mapModelTest" time="0.001" classname="org.openapitools.codegen.scalahttpclient.ScalaHttpClientModelTest"/>
  <testcase name="mapPropertyTest" time="0.0" classname="org.openapitools.codegen.scalahttpclient.ScalaHttpClientModelTest"/>
  <testcase name="simpleModelTest" time="0.001" classname="org.openapitools.codegen.scalahttpclient.ScalaHttpClientModelTest"/>
  <testcase name="arrayInnerReferencedSchemaMarkedAsModel_20" time="0.006" classname="org.openapitools.codegen.DefaultCodegenTest"/>
  <testcase name="arrayInnerReferencedSchemaMarkedAsModel_30" time="0.003" classname="org.openapitools.codegen.DefaultCodegenTest"/>
  <testcase name="arrayModelHasValidation" time="0.004" classname="org.openapitools.codegen.DefaultCodegenTest"/>
  <testcase name="commonLambdasRegistrationTest" time="0.0" classname="org.openapitools.codegen.DefaultCodegenTest"/>
  <testcase name="convertApiNameWithEmptySuffix" time="0.0" classname="org.openapitools.codegen.DefaultCodegenTest"/>
  <testcase name="convertApiNameWithSuffix" time="0.0" classname="org.openapitools.codegen.DefaultCodegenTest"/>
  <testcase name="importMapping" time="0.003" classname="org.openapitools.codegen.DefaultCodegenTest"/>
  <testcase name="inlineAllOfSchemaDoesNotThrowException" time="0.005" classname="org.openapitools.codegen.DefaultCodegenTest"/>
  <testcase name="integerSchemaPropertyAndModelTest" time="0.0" classname="org.openapitools.codegen.DefaultCodegenTest"/>
  <testcase name="longSchemaPropertyAndModelTest" time="0.001" classname="org.openapitools.codegen.DefaultCodegenTest"/>
  <testcase name="mapParamImportInnerObject" time="0.013" classname="org.openapitools.codegen.DefaultCodegenTest"/>
  <testcase name="modelDoNotContainInheritedVars" time="0.006" classname="org.openapitools.codegen.DefaultCodegenTest"/>
  <testcase name="modelWithPrefixDoNotContainInheritedVars" time="0.005" classname="org.openapitools.codegen.DefaultCodegenTest"/>
  <testcase name="modelWithSuffixDoNotContainInheritedVars" time="0.005" classname="org.openapitools.codegen.DefaultCodegenTest"/>
  <testcase name="numberDoubleSchemaPropertyAndModelTest" time="0.0" classname="org.openapitools.codegen.DefaultCodegenTest"/>
  <testcase name="numberFloatSchemaPropertyAndModelTest" time="0.001" classname="org.openapitools.codegen.DefaultCodegenTest"/>
  <testcase name="numberSchemaPropertyAndModelTest" time="0.0" classname="org.openapitools.codegen.DefaultCodegenTest"/>
  <testcase name="objectQueryParamIdentifyAsObject" time="0.005" classname="org.openapitools.codegen.DefaultCodegenTest"/>
  <testcase name="postProcessModelsEnumWithExtension" time="0.0" classname="org.openapitools.codegen.DefaultCodegenTest"/>
  <testcase name="postProcessModelsEnumWithPrefixRemoved" time="0.001" classname="org.openapitools.codegen.DefaultCodegenTest"/>
  <testcase name="postProcessModelsEnumWithoutPrefixRemoved" time="0.0" classname="org.openapitools.codegen.DefaultCodegenTest"/>
  <testcase name="schemaMapping" time="0.002" classname="org.openapitools.codegen.DefaultCodegenTest"/>
  <testcase name="testAdditionalPropertiesAnyType" time="0.003" classname="org.openapitools.codegen.DefaultCodegenTest"/>
  <testcase name="testAdditionalPropertiesPresentInModelProperties" time="0.02" classname="org.openapitools.codegen.DefaultCodegenTest"/>
  <testcase name="testAdditionalPropertiesPresentInModels" time="0.032" classname="org.openapitools.codegen.DefaultCodegenTest"/>
  <testcase name="testAdditionalPropertiesPresentInParameters" time="0.027" classname="org.openapitools.codegen.DefaultCodegenTest"/>
  <testcase name="testAdditionalPropertiesPresentInResponses" time="0.023" classname="org.openapitools.codegen.DefaultCodegenTest"/>
  <testcase name="testAdditionalPropertiesPutForConfigValues" time="0.001" classname="org.openapitools.codegen.DefaultCodegenTest"/>
  <testcase name="testAdditionalPropertiesV2SpecDisallowAdditionalPropertiesIfNotPresentFalse" time="0.005" classname="org.openapitools.codegen.DefaultCodegenTest"/>
  <testcase name="testAdditionalPropertiesV2SpecDisallowAdditionalPropertiesIfNotPresentTrue" time="0.005" classname="org.openapitools.codegen.DefaultCodegenTest"/>
  <testcase name="testAdditionalPropertiesV3SpecDisallowAdditionalPropertiesIfNotPresentFalse" time="0.125" classname="org.openapitools.codegen.DefaultCodegenTest"/>
  <testcase name="testAdditionalPropertiesV3SpecDisallowAdditionalPropertiesIfNotPresentTrue" time="0.075" classname="org.openapitools.codegen.DefaultCodegenTest"/>
  <testcase name="testAlias" time="0.006" classname="org.openapitools.codegen.DefaultCodegenTest"/>
  <testcase name="testAllOfDefaultEnumType" time="0.015" classname="org.openapitools.codegen.DefaultCodegenTest"/>
  <testcase name="testAllOfParent" time="0.008" classname="org.openapitools.codegen.DefaultCodegenTest"/>
  <testcase name="testAllOfRequired" time="0.004" classname="org.openapitools.codegen.DefaultCodegenTest"/>
  <testcase name="testAllOfSingleAndDoubleRefWithOwnPropsNoDiscriminator" time="0.008" classname="org.openapitools.codegen.DefaultCodegenTest"/>
  <testcase name="testAllOfSingleRefNoOwnProps" time="0.005" classname="org.openapitools.codegen.DefaultCodegenTest"/>
  <testcase name="testAllParents" time="0.008" classname="org.openapitools.codegen.DefaultCodegenTest"/>
  <testcase name="testAnySchemaWithIneffectiveConstraints" time="0.008" classname="org.openapitools.codegen.DefaultCodegenTest"/>
  <testcase name="testArraySchemaIsNotIncludedInAliases" time="0.0" classname="org.openapitools.codegen.DefaultCodegenTest"/>
  <testcase name="testArraySchemaWithIneffectiveConstraints" time="0.009" classname="org.openapitools.codegen.DefaultCodegenTest"/>
  <testcase name="testAssigning310SpecWorks" time="0.027" classname="org.openapitools.codegen.DefaultCodegenTest"/>
  <testcase name="testBodyAndResponseGetHasValidation" time="0.117" classname="org.openapitools.codegen.DefaultCodegenTest"/>
  <testcase name="testBooleanSchemaWithIneffectiveConstraints" time="0.005" classname="org.openapitools.codegen.DefaultCodegenTest"/>
  <testcase name="testBooleansSetForIntSchemas" time="0.009" classname="org.openapitools.codegen.DefaultCodegenTest"/>
  <testcase name="testByteArrayTypeInSchemas" time="0.004" classname="org.openapitools.codegen.DefaultCodegenTest"/>
  <testcase name="testCallbacks" time="0.011" classname="org.openapitools.codegen.DefaultCodegenTest"/>
  <testcase name="testCircularReferencesDetection" time="0.001" classname="org.openapitools.codegen.DefaultCodegenTest"/>
  <testcase name="testComposedModelTypes" time="0.017" classname="org.openapitools.codegen.DefaultCodegenTest"/>
  <testcase name="testComposedRequestBodyTypes" time="0.021" classname="org.openapitools.codegen.DefaultCodegenTest"/>
  <testcase name="testComposedRequestQueryParamTypes" time="0.019" classname="org.openapitools.codegen.DefaultCodegenTest"/>
  <testcase name="testComposedResponseTypes" time="0.021" classname="org.openapitools.codegen.DefaultCodegenTest"/>
  <testcase name="testComposedSchemaAllOfDiscriminatorMap" time="0.011" classname="org.openapitools.codegen.DefaultCodegenTest"/>
  <testcase name="testComposedSchemaAllOfDiscriminatorMapLegacy" time="0.009" classname="org.openapitools.codegen.DefaultCodegenTest"/>
  <testcase name="testComposedSchemaAllOfHierarchy" time="0.009" classname="org.openapitools.codegen.DefaultCodegenTest"/>
  <testcase name="testComposedSchemaAnyOfDiscriminatorMap" time="0.018" classname="org.openapitools.codegen.DefaultCodegenTest"/>
  <testcase name="testComposedSchemaAnyOfDiscriminatorsInvalid" time="0.015" classname="org.openapitools.codegen.DefaultCodegenTest"/>
  <testcase name="testComposedSchemaMyPetsOneOfDiscriminatorMap" time="0.01" classname="org.openapitools.codegen.DefaultCodegenTest"/>
  <testcase name="testComposedSchemaOneOfDiscriminatorMap" time="0.021" classname="org.openapitools.codegen.DefaultCodegenTest"/>
  <testcase name="testComposedSchemaOneOfDiscriminatorsInvalid" time="0.016" classname="org.openapitools.codegen.DefaultCodegenTest"/>
  <testcase name="testComposedSchemaOneOfWithProperties" time="0.004" classname="org.openapitools.codegen.DefaultCodegenTest"/>
  <testcase name="testConsistentParameterNameAfterUniquenessRename" time="0.001" classname="org.openapitools.codegen.DefaultCodegenTest"/>
  <testcase name="testCookieParametersGetHasValidation" time="0.097" classname="org.openapitools.codegen.DefaultCodegenTest"/>
  <testcase name="testDateTimeFormParameterHasDefaultValue" time="0.007" classname="org.openapitools.codegen.DefaultCodegenTest"/>
  <testcase name="testDeeplyNestedAdditionalPropertiesImports" time="0.004" classname="org.openapitools.codegen.DefaultCodegenTest"/>
  <testcase name="testDefaultResponseShouldBeLast" time="0.001" classname="org.openapitools.codegen.DefaultCodegenTest"/>
  <testcase name="testDeprecatedModel" time="0.003" classname="org.openapitools.codegen.DefaultCodegenTest"/>
  <testcase name="testDeprecatedProperty" time="0.004" classname="org.openapitools.codegen.DefaultCodegenTest"/>
  <testcase name="testDeprecatedRef" time="0.003" classname="org.openapitools.codegen.DefaultCodegenTest"/>
  <testcase name="testDiscriminator" time="0.048" classname="org.openapitools.codegen.DefaultCodegenTest"/>
  <testcase name="testDiscriminatorWithCustomMapping" time="0.006" classname="org.openapitools.codegen.DefaultCodegenTest"/>
  <testcase name="testEnsureNoDuplicateProduces" time="0.003" classname="org.openapitools.codegen.DefaultCodegenTest"/>
  <testcase name="testEnumImports" time="0.005" classname="org.openapitools.codegen.DefaultCodegenTest"/>
  <testcase name="testEscapeText" time="0.001" classname="org.openapitools.codegen.DefaultCodegenTest"/>
  <testcase name="testEscapeTextWhileAllowingNewLines" time="0.0" classname="org.openapitools.codegen.DefaultCodegenTest"/>
  <testcase name="testExample1" time="0.005" classname="org.openapitools.codegen.DefaultCodegenTest"/>
  <testcase name="testExample2" time="0.005" classname="org.openapitools.codegen.DefaultCodegenTest"/>
  <testcase name="testExample3" time="0.005" classname="org.openapitools.codegen.DefaultCodegenTest"/>
  <testcase name="testExample4" time="0.005" classname="org.openapitools.codegen.DefaultCodegenTest"/>
  <testcase name="testFormComposedSchema" time="0.009" classname="org.openapitools.codegen.DefaultCodegenTest"/>
  <testcase name="testFormParameterHasDefaultValue" time="0.048" classname="org.openapitools.codegen.DefaultCodegenTest"/>
  <testcase name="testFreeFormSchemas" time="0.062" classname="org.openapitools.codegen.DefaultCodegenTest"/>
  <testcase name="testFromPropertyRequiredAndOptional" time="0.004" classname="org.openapitools.codegen.DefaultCodegenTest"/>
  <testcase name="testGetConsumesInfoAndGetProducesInfo" time="0.002" classname="org.openapitools.codegen.DefaultCodegenTest"/>
  <testcase name="testGetProducesInfo" time="0.005" classname="org.openapitools.codegen.DefaultCodegenTest"/>
  <testcase name="testGetSchemaTypeWithComposedSchemaWithOneOf" time="0.008" classname="org.openapitools.codegen.DefaultCodegenTest"/>
  <testcase name="testHasBodyParameter" time="0.0" classname="org.openapitools.codegen.DefaultCodegenTest"/>
  <testcase name="testHasRequiredInModel" time="0.032" classname="org.openapitools.codegen.DefaultCodegenTest"/>
  <testcase name="testHasRequiredInParameters" time="0.043" classname="org.openapitools.codegen.DefaultCodegenTest"/>
  <testcase name="testHasRequiredInProperties" time="0.036" classname="org.openapitools.codegen.DefaultCodegenTest"/>
  <testcase name="testHasRequiredInResponses" time="0.042" classname="org.openapitools.codegen.DefaultCodegenTest"/>
  <testcase name="testHasVarsInModel" time="0.02" classname="org.openapitools.codegen.DefaultCodegenTest"/>
  <testcase name="testHasVarsInParameter" time="0.021" classname="org.openapitools.codegen.DefaultCodegenTest"/>
  <testcase name="testHasVarsInProperty" time="0.02" classname="org.openapitools.codegen.DefaultCodegenTest"/>
  <testcase name="testHasVarsInResponse" time="0.021" classname="org.openapitools.codegen.DefaultCodegenTest"/>
  <testcase name="testHeaderParametersGetHasValidation" time="0.112" classname="org.openapitools.codegen.DefaultCodegenTest"/>
  <testcase name="testInitialConfigValues" time="0.001" classname="org.openapitools.codegen.DefaultCodegenTest"/>
  <testcase name="testInlineEnumType" time="0.01" classname="org.openapitools.codegen.DefaultCodegenTest"/>
  <testcase name="testIntegerSchemaWithIneffectiveConstraints" time="0.004" classname="org.openapitools.codegen.DefaultCodegenTest"/>
  <testcase name="testIsXPresence" time="0.097" classname="org.openapitools.codegen.DefaultCodegenTest"/>
  <testcase name="testItemsPresent" time="0.02" classname="org.openapitools.codegen.DefaultCodegenTest"/>
  <testcase name="testLeadingSlashIsAddedIfMissing" time="0.0" classname="org.openapitools.codegen.DefaultCodegenTest"/>
  <testcase name="testModelGetHasValidation" time="0.092" classname="org.openapitools.codegen.DefaultCodegenTest"/>
  <testcase name="testMultipleSecuritySchemes" time="0.015" classname="org.openapitools.codegen.DefaultCodegenTest"/>
  <testcase name="testNullSchemaWithIneffectiveConstraints" time="0.004" classname="org.openapitools.codegen.DefaultCodegenTest"/>
  <testcase name="testNullableProperty" time="0.005" classname="org.openapitools.codegen.DefaultCodegenTest"/>
  <testcase name="testOauthMultipleFlows" time="0.003" classname="org.openapitools.codegen.DefaultCodegenTest"/>
  <testcase name="testObjectSchemaWithIneffectiveConstraints" time="0.005" classname="org.openapitools.codegen.DefaultCodegenTest"/>
  <testcase name="testOriginalOpenApiDocumentVersion" time="0.154" classname="org.openapitools.codegen.DefaultCodegenTest"/>
  <testcase name="testParameterEmptyDescription" time="0.0" classname="org.openapitools.codegen.DefaultCodegenTest"/>
  <testcase name="testParentName" time="0.005" classname="org.openapitools.codegen.DefaultCodegenTest"/>
  <testcase name="testPathParametersGetHasValidation" time="0.073" classname="org.openapitools.codegen.DefaultCodegenTest"/>
  <testcase name="testPropertyGetHasValidation" time="0.069" classname="org.openapitools.codegen.DefaultCodegenTest"/>
  <testcase name="testQueryParametersGetHasValidation" time="0.073" classname="org.openapitools.codegen.DefaultCodegenTest"/>
  <testcase name="testReferencedEnumType" time="0.009" classname="org.openapitools.codegen.DefaultCodegenTest"/>
  <testcase name="testRemoveOperationIdPrefix" time="0.004" classname="org.openapitools.codegen.DefaultCodegenTest"/>
  <testcase name="testRequestBodyContent" time="0.014" classname="org.openapitools.codegen.DefaultCodegenTest"/>
  <testcase name="testRequestParameterContent" time="0.011" classname="org.openapitools.codegen.DefaultCodegenTest"/>
  <testcase name="testResponseContentAndHeader" time="0.011" classname="org.openapitools.codegen.DefaultCodegenTest"/>
  <testcase name="testResponseWithNoSchemaInHeaders" time="0.0" classname="org.openapitools.codegen.DefaultCodegenTest"/>
  <testcase name="testResponses" time="0.023" classname="org.openapitools.codegen.DefaultCodegenTest"/>
  <testcase name="testSettersForConfigValues" time="0.0" classname="org.openapitools.codegen.DefaultCodegenTest"/>
  <testcase name="testStringSchemaWithIneffectiveConstraints" time="0.005" classname="org.openapitools.codegen.DefaultCodegenTest"/>
  <testcase name="testUnalias" time="0.004" classname="org.openapitools.codegen.DefaultCodegenTest"/>
  <testcase name="testUniquenessRenameOfFormParameters" time="0.004" classname="org.openapitools.codegen.DefaultCodegenTest"/>
  <testcase name="testUseOneOfInterfaces" time="0.008" classname="org.openapitools.codegen.DefaultCodegenTest"/>
  <testcase name="testVarsAndRequiredVarsPresent" time="0.018" classname="org.openapitools.codegen.DefaultCodegenTest"/>
  <testcase name="updateCodegenPropertyEnum" time="0.001" classname="org.openapitools.codegen.DefaultCodegenTest"/>
  <testcase name="updateCodegenPropertyEnumWithExtension" time="0.0" classname="org.openapitools.codegen.DefaultCodegenTest"/>
  <testcase name="updateCodegenPropertyEnumWithPrefixRemoved" time="0.001" classname="org.openapitools.codegen.DefaultCodegenTest"/>
  <testcase name="updateCodegenPropertyEnumWithoutPrefixRemoved" time="0.0" classname="org.openapitools.codegen.DefaultCodegenTest"/>
  <testcase name="verifyXDiscriminatorValue" time="0.008" classname="org.openapitools.codegen.DefaultCodegenTest"/>
  <testcase name="arrayModelAdditionalPropertiesArrayTest" time="0.007" classname="org.openapitools.codegen.typescript.typescriptnode.TypeScriptNodeModelTest"/>
  <testcase name="arrayModelAdditionalPropertiesComplexTest" time="0.001" classname="org.openapitools.codegen.typescript.typescriptnode.TypeScriptNodeModelTest"/>
  <testcase name="arrayModelAdditionalPropertiesStringTest" time="0.001" classname="org.openapitools.codegen.typescript.typescriptnode.TypeScriptNodeModelTest"/>
  <testcase name="arrayModelTest" time="0.001" classname="org.openapitools.codegen.typescript.typescriptnode.TypeScriptNodeModelTest"/>
  <testcase name="complexListPropertyTest" time="0.001" classname="org.openapitools.codegen.typescript.typescriptnode.TypeScriptNodeModelTest"/>
  <testcase name="complexPropertyTest" time="0.0" classname="org.openapitools.codegen.typescript.typescriptnode.TypeScriptNodeModelTest"/>
  <testcase name="defaultFromModelTest" time="0.025" classname="org.openapitools.codegen.typescript.typescriptnode.TypeScriptNodeModelTest"/>
  <testcase name="listPropertyTest" time="0.001" classname="org.openapitools.codegen.typescript.typescriptnode.TypeScriptNodeModelTest"/>
  <testcase name="mapModelTest" time="0.001" classname="org.openapitools.codegen.typescript.typescriptnode.TypeScriptNodeModelTest"/>
  <testcase name="mappedFromModelTest" time="0.024" classname="org.openapitools.codegen.typescript.typescriptnode.TypeScriptNodeModelTest"/>
  <testcase name="simpleModelDefaultValuesTest" time="0.006" classname="org.openapitools.codegen.typescript.typescriptnode.TypeScriptNodeModelTest"/>
  <testcase name="simpleModelTest" time="0.001" classname="org.openapitools.codegen.typescript.typescriptnode.TypeScriptNodeModelTest"/>
  <testcase name="arrayModelTest" time="0.001" classname="org.openapitools.codegen.go.GoModelTest"/>
  <testcase name="complexListProperty" time="0.001" classname="org.openapitools.codegen.go.GoModelTest"/>
  <testcase name="complexMapProperty" time="0.001" classname="org.openapitools.codegen.go.GoModelTest"/>
  <testcase name="complexPropertyTest" time="0.0" classname="org.openapitools.codegen.go.GoModelTest"/>
  <testcase name="filePropertyTest" time="0.0" classname="org.openapitools.codegen.go.GoModelTest"/>
  <testcase name="listPropertyTest" time="0.001" classname="org.openapitools.codegen.go.GoModelTest"/>
  <testcase name="mapModelTest" time="0.001" classname="org.openapitools.codegen.go.GoModelTest"/>
  <testcase name="mapPropertyTest" time="0.001" classname="org.openapitools.codegen.go.GoModelTest"/>
  <testcase name="modelNameTest" time="0.0" classname="org.openapitools.codegen.go.GoModelTest"/>
  <testcase name="modelNameTest" time="0.001" classname="org.openapitools.codegen.go.GoModelTest"/>
  <testcase name="modelNameTest" time="0.0" classname="org.openapitools.codegen.go.GoModelTest"/>
  <testcase name="modelNameTest" time="0.0" classname="org.openapitools.codegen.go.GoModelTest"/>
  <testcase name="modelNameTest" time="0.0" classname="org.openapitools.codegen.go.GoModelTest"/>
  <testcase name="modelNameTest" time="0.0" classname="org.openapitools.codegen.go.GoModelTest"/>
  <testcase name="modelNameTest" time="0.0" classname="org.openapitools.codegen.go.GoModelTest"/>
  <testcase name="simpleModelTest" time="0.001" classname="org.openapitools.codegen.go.GoModelTest"/>
  <testcase name="arrayModelTest" time="0.001" classname="org.openapitools.codegen.csharp.CSharpModelTest"/>
  <testcase name="arrayPropertyCollectionOptionTest" time="0.001" classname="org.openapitools.codegen.csharp.CSharpModelTest"/>
  <testcase name="arrayPropertyICollectionOptionTest" time="0.001" classname="org.openapitools.codegen.csharp.CSharpModelTest"/>
  <testcase name="arrayPropertyTest" time="0.0" classname="org.openapitools.codegen.csharp.CSharpModelTest"/>
  <testcase name="assertOuterEnumIsString" time="0.224" classname="org.openapitools.codegen.csharp.CSharpModelTest"/>
  <testcase name="complexListPropertyTest" time="0.0" classname="org.openapitools.codegen.csharp.CSharpModelTest"/>
  <testcase name="complexMapPropertyTest" time="0.0" classname="org.openapitools.codegen.csharp.CSharpModelTest"/>
  <testcase name="complexPropertyTest" time="0.0" classname="org.openapitools.codegen.csharp.CSharpModelTest"/>
  <testcase name="listPropertyTest" time="0.0" classname="org.openapitools.codegen.csharp.CSharpModelTest"/>
  <testcase name="mapModelTest" time="0.001" classname="org.openapitools.codegen.csharp.CSharpModelTest"/>
  <testcase name="mapPropertyTest" time="0.0" classname="org.openapitools.codegen.csharp.CSharpModelTest"/>
  <testcase name="nonNullablePropertyTest" time="0.001" classname="org.openapitools.codegen.csharp.CSharpModelTest"/>
  <testcase name="nullablePropertyTest" time="0.0" classname="org.openapitools.codegen.csharp.CSharpModelTest"/>
[...]
  <testcase name="testIfRequestMessageMinimumExists" time="0.001" classname="org.openapitools.codegen.wsdl.WsdlSchemaCodegenTest"/>
  <testcase name="testLowerCaseStringExceptFirstLetter" time="0.001" classname="org.openapitools.codegen.wsdl.WsdlSchemaCodegenTest"/>
  <testcase name="testOpenapiDescriptionWasNotProvided" time="0.004" classname="org.openapitools.codegen.wsdl.WsdlSchemaCodegenTest"/>
  <testcase name="testOperationIdGeneration" time="0.002" classname="org.openapitools.codegen.wsdl.WsdlSchemaCodegenTest"/>
  <testcase name="testGeneralUsage" time="0.004" classname="org.openapitools.codegen.utils.OneOfImplementorAdditionalDataTest"/>
  <testcase name="testGenerateBodyParams" time="0.102" classname="org.openapitools.codegen.java.helidon.JavaHelidonSeServerCodegenTest"/>
  <testcase name="testGenerateCookiesParams" time="0.102" classname="org.openapitools.codegen.java.helidon.JavaHelidonSeServerCodegenTest"/>
  <testcase name="testGenerateFormParams" time="0.099" classname="org.openapitools.codegen.java.helidon.JavaHelidonSeServerCodegenTest"/>
  <testcase name="testGenerateFullProject" time="0.054" classname="org.openapitools.codegen.java.helidon.JavaHelidonSeServerCodegenTest"/>
  <testcase name="testGenerateGradleProject" time="0.076" classname="org.openapitools.codegen.java.helidon.JavaHelidonSeServerCodegenTest"/>
  <testcase name="testGenerateHeaderParams" time="0.094" classname="org.openapitools.codegen.java.helidon.JavaHelidonSeServerCodegenTest"/>
  <testcase name="testGenerateParamsValidation" time="0.123" classname="org.openapitools.codegen.java.helidon.JavaHelidonSeServerCodegenTest"/>
  <testcase name="testGeneratePathParams" time="0.097" classname="org.openapitools.codegen.java.helidon.JavaHelidonSeServerCodegenTest"/>
  <testcase name="testGenerateProjectByDefault" time="0.053" classname="org.openapitools.codegen.java.helidon.JavaHelidonSeServerCodegenTest"/>
  <testcase name="testGenerateQueryParams" time="0.1" classname="org.openapitools.codegen.java.helidon.JavaHelidonSeServerCodegenTest"/>
  <testcase name="testGeneratePing" time="0.018" classname="org.openapitools.codegen.yaml.YamlGeneratorTest"/>
  <testcase name="testGeneratePingOtherOutputFile" time="0.018" classname="org.openapitools.codegen.yaml.YamlGeneratorTest"/>
  <testcase name="testIssue9086" time="0.035" classname="org.openapitools.codegen.yaml.YamlGeneratorTest"/>
  <testcase name="testGeneratePing" time="0.018" classname="org.openapitools.codegen.json.JsonGeneratorTest"/>
  <testcase name="testGeneratePingOtherOutputFile" time="0.018" classname="org.openapitools.codegen.json.JsonGeneratorTest"/>
  <testcase name="testGenerateRootEndpoint" time="0.008" classname="org.openapitools.codegen.haskellservant.HaskellServantCodegenTest"/>
  <testcase name="testGetOrHeadWithBody" time="0.003" classname="org.openapitools.codegen.validations.oas.OpenApiOperationValidationsTest"/>
  <testcase name="testGetOrHeadWithBody" time="0.0" classname="org.openapitools.codegen.validations.oas.OpenApiOperationValidationsTest"/>
  <testcase name="testGetOrHeadWithBody" time="0.0" classname="org.openapitools.codegen.validations.oas.OpenApiOperationValidationsTest"/>
  <testcase name="testGetOrHeadWithBody" time="0.0" classname="org.openapitools.codegen.validations.oas.OpenApiOperationValidationsTest"/>
  <testcase name="testGetOrHeadWithBody" time="0.0" classname="org.openapitools.codegen.validations.oas.OpenApiOperationValidationsTest"/>
  <testcase name="testGetOrHeadWithBody" time="0.0" classname="org.openapitools.codegen.validations.oas.OpenApiOperationValidationsTest"/>
  <testcase name="testGetOrHeadWithBody" time="0.0" classname="org.openapitools.codegen.validations.oas.OpenApiOperationValidationsTest"/>
  <testcase name="testGetOrHeadWithBody" time="0.0" classname="org.openapitools.codegen.validations.oas.OpenApiOperationValidationsTest"/>
  <testcase name="testGetOrHeadWithBody" time="0.001" classname="org.openapitools.codegen.validations.oas.OpenApiOperationValidationsTest"/>
  <testcase name="testGetOrHeadWithBodyWithDisabledRecommendations" time="0.0" classname="org.openapitools.codegen.validations.oas.OpenApiOperationValidationsTest"/>
  <testcase name="testGetOrHeadWithBodyWithDisabledRecommendations" time="0.0" classname="org.openapitools.codegen.validations.oas.OpenApiOperationValidationsTest"/>
  <testcase name="testGetOrHeadWithBodyWithDisabledRecommendations" time="0.0" classname="org.openapitools.codegen.validations.oas.OpenApiOperationValidationsTest"/>
  <testcase name="testGetOrHeadWithBodyWithDisabledRecommendations" time="0.0" classname="org.openapitools.codegen.validations.oas.OpenApiOperationValidationsTest"/>
  <testcase name="testGetOrHeadWithBodyWithDisabledRecommendations" time="0.0" classname="org.openapitools.codegen.validations.oas.OpenApiOperationValidationsTest"/>
  <testcase name="testGetOrHeadWithBodyWithDisabledRecommendations" time="0.0" classname="org.openapitools.codegen.validations.oas.OpenApiOperationValidationsTest"/>
  <testcase name="testGetOrHeadWithBodyWithDisabledRecommendations" time="0.0" classname="org.openapitools.codegen.validations.oas.OpenApiOperationValidationsTest"/>
  <testcase name="testGetOrHeadWithBodyWithDisabledRecommendations" time="0.0" classname="org.openapitools.codegen.validations.oas.OpenApiOperationValidationsTest"/>
  <testcase name="testGetOrHeadWithBodyWithDisabledRecommendations" time="0.0" classname="org.openapitools.codegen.validations.oas.OpenApiOperationValidationsTest"/>
  <testcase name="testGetOrHeadWithBodyWithDisabledRule" time="0.0" classname="org.openapitools.codegen.validations.oas.OpenApiOperationValidationsTest"/>
  <testcase name="testGetOrHeadWithBodyWithDisabledRule" time="0.0" classname="org.openapitools.codegen.validations.oas.OpenApiOperationValidationsTest"/>
  <testcase name="testGetOrHeadWithBodyWithDisabledRule" time="0.0" classname="org.openapitools.codegen.validations.oas.OpenApiOperationValidationsTest"/>
  <testcase name="testGetOrHeadWithBodyWithDisabledRule" time="0.0" classname="org.openapitools.codegen.validations.oas.OpenApiOperationValidationsTest"/>
  <testcase name="testGetOrHeadWithBodyWithDisabledRule" time="0.0" classname="org.openapitools.codegen.validations.oas.OpenApiOperationValidationsTest"/>
  <testcase name="testGetOrHeadWithBodyWithDisabledRule" time="0.0" classname="org.openapitools.codegen.validations.oas.OpenApiOperationValidationsTest"/>
  <testcase name="testGetOrHeadWithBodyWithDisabledRule" time="0.0" classname="org.openapitools.codegen.validations.oas.OpenApiOperationValidationsTest"/>
  <testcase name="testGetOrHeadWithBodyWithDisabledRule" time="0.0" classname="org.openapitools.codegen.validations.oas.OpenApiOperationValidationsTest"/>
  <testcase name="testGetOrHeadWithBodyWithDisabledRule" time="0.0" classname="org.openapitools.codegen.validations.oas.OpenApiOperationValidationsTest"/>
  <testcase name="testHasOverlappedPath" time="0.0" classname="org.openapitools.codegen.haskellyesod.HaskellYesodServerCodegenTest"/>
  <testcase name="testIsOverlappedPath" time="0.0" classname="org.openapitools.codegen.haskellyesod.HaskellYesodServerCodegenTest"/>
  <testcase name="testToApiTestFilename" time="0.001" classname="org.openapitools.codegen.haskellyesod.HaskellYesodServerCodegenTest"/>
  <testcase name="testIncludeMarkupFilterDoesNotIncludeMissingFile" time="0.001" classname="org.openapitools.codegen.asciidoc.IncludeMarkupFilterTest"/>
  <testcase name="testIncludeMarkupFilterEscapeCurlyBracketsInOrderToBeParsedByAsciidoc" time="0.0" classname="org.openapitools.codegen.asciidoc.IncludeMarkupFilterTest"/>
  <testcase name="testIncludeMarkupFilterFoundFileOk" time="0.0" classname="org.openapitools.codegen.asciidoc.IncludeMarkupFilterTest"/>
  <testcase name="testLinkMarkupFilterDoesNotLinkMissingFile" time="0.0" classname="org.openapitools.codegen.asciidoc.LinkMarkupFilterTest"/>
  <testcase name="testLinkMarkupFilterLinksFoundFileOk" time="0.001" classname="org.openapitools.codegen.asciidoc.LinkMarkupFilterTest"/>
  <testcase name="testMarkupExistence" time="0.0" classname="org.openapitools.codegen.asciidoc.AsciidocSampleGeneratorTest"/>
  <testcase name="testSampleAsciidocMarkupGenerationAccessApiKey" time="0.0" classname="org.openapitools.codegen.asciidoc.AsciidocSampleGeneratorTest"/>
  <testcase name="testSampleAsciidocMarkupGenerationFromJsonWithAttributes" time="0.0" classname="org.openapitools.codegen.asciidoc.AsciidocSampleGeneratorTest"/>
  <testcase name="testSampleAsciidocMarkupGenerationFromJsonWithContent" time="0.0" classname="org.openapitools.codegen.asciidoc.AsciidocSampleGeneratorTest"/>
  <testcase name="testSampleAsciidocMarkupGenerationFromJsonWithIncludes" time="0.0" classname="org.openapitools.codegen.asciidoc.AsciidocSampleGeneratorTest"/>
  <testcase name="testSampleAsciidocMarkupGenerationParameterNameUnchanged" time="0.0" classname="org.openapitools.codegen.asciidoc.AsciidocSampleGeneratorTest"/>
  <testcase name="testSampleAsciidocMarkupGenerationWithoutFormParameter" time="0.0" classname="org.openapitools.codegen.asciidoc.AsciidocSampleGeneratorTest"/>
  <testcase name="testModelFileSuffix" time="0.0" classname="org.openapitools.codegen.typescript.typescriptnestjs.TypeScriptNestjsClientCodegenTest"/>
  <testcase name="testOperationIdParser" time="0.001" classname="org.openapitools.codegen.typescript.typescriptnestjs.TypeScriptNestjsClientCodegenTest"/>
  <testcase name="testRemovePrefixSuffix" time="0.0" classname="org.openapitools.codegen.typescript.typescriptnestjs.TypeScriptNestjsClientCodegenTest"/>
  <testcase name="testSchema" time="0.001" classname="org.openapitools.codegen.typescript.typescriptnestjs.TypeScriptNestjsClientCodegenTest"/>
  <testcase name="testSnapshotVersion" time="0.0" classname="org.openapitools.codegen.typescript.typescriptnestjs.TypeScriptNestjsClientCodegenTest"/>
  <testcase name="testWithoutSnapshotVersion" time="0.0" classname="org.openapitools.codegen.typescript.typescriptnestjs.TypeScriptNestjsClientCodegenTest"/>
  <testcase name="testModelImportsSpecifyNamespaceAndPackageName" time="0.0" classname="org.openapitools.codegen.fsharp.FSharpServerCodegenTest"/>
  <testcase name="testModelsAreSortedAccordingToDependencyOrder" time="0.0" classname="org.openapitools.codegen.fsharp.FSharpServerCodegenTest"/>
  <testcase name="testOas30DocumentWithNullType" time="0.014" classname="org.openapitools.codegen.validations.oas.OpenApiSchemaTypeTest"/>
  <testcase name="testPathProcessing" time="0.001" classname="org.openapitools.codegen.cpprestbed.CppRestbedServerTest"/>
  <testcase name="testPathProcessing" time="0.0" classname="org.openapitools.codegen.cpprestbed.CppRestbedServerTest"/>
  <testcase name="testPathProcessing" time="0.001" classname="org.openapitools.codegen.cpprestbed.CppRestbedServerTest"/>
  <testcase name="testPetApi" time="0.002" classname="org.openapitools.codegen.java.helidon.JavaHelidonSeClientCodegenTest"/>
  <testcase name="testPetApi" time="0.008" classname="org.openapitools.codegen.java.helidon.JavaHelidonSeClientCodegenTest"/>
  <testcase name="testPom" time="0.0" classname="org.openapitools.codegen.java.helidon.JavaHelidonSeClientCodegenTest"/>
  <testcase name="testStoreApi" time="0.001" classname="org.openapitools.codegen.java.helidon.JavaHelidonSeClientCodegenTest"/>
  <testcase name="testStoreApi" time="0.004" classname="org.openapitools.codegen.java.helidon.JavaHelidonSeClientCodegenTest"/>
  <testcase name="testUserApi" time="0.002" classname="org.openapitools.codegen.java.helidon.JavaHelidonSeClientCodegenTest"/>
  <testcase name="testUserApi" time="0.008" classname="org.openapitools.codegen.java.helidon.JavaHelidonSeClientCodegenTest"/>
  <testcase name="testPetApi" time="0.002" classname="org.openapitools.codegen.java.helidon.JavaHelidonMpClientCodegenTest"/>
  <testcase name="testPom" time="0.001" classname="org.openapitools.codegen.java.helidon.JavaHelidonMpClientCodegenTest"/>
  <testcase name="testStoreApi" time="0.001" classname="org.openapitools.codegen.java.helidon.JavaHelidonMpClientCodegenTest"/>
  <testcase name="testUserApi" time="0.002" classname="org.openapitools.codegen.java.helidon.JavaHelidonMpClientCodegenTest"/>
  <testcase name="testSerializationLibraryJackson" time="0.05" classname="org.openapitools.codegen.java.micronaut.JavaMicronautClientCodegenSerializationLibraryTest"/>
  <testcase name="testSerializationLibraryMicronautSerdeJackson" time="0.039" classname="org.openapitools.codegen.java.micronaut.JavaMicronautClientCodegenSerializationLibraryTest"/>
  <testcase name="testShortString" time="0.0" classname="org.openapitools.codegen.templating.mustache.SplitStringLambdaTest"/>
  <testcase name="testSplitGroupsOf2" time="0.001" classname="org.openapitools.codegen.templating.mustache.SplitStringLambdaTest"/>
  <testcase name="testSplitGroupsOf3" time="0.001" classname="org.openapitools.codegen.templating.mustache.SplitStringLambdaTest"/>
  <testcase name="testSplitQuotedString" time="0.0" classname="org.openapitools.codegen.templating.mustache.SplitStringLambdaTest"/>
  <testcase name="testToEnumVarName" time="0.0" classname="org.openapitools.codegen.csharpnetcore.CSharpNetCoreClientCodegenTest"/>
  <testcase name="testUnsigned" time="0.009" classname="org.openapitools.codegen.csharpnetcore.CSharpNetCoreClientCodegenTest"/>
  <testcase name="testToEnumVarName" time="0.0" classname="org.openapitools.codegen.csharpnetcorefunctions.CsharpNetcoreFunctionsServerCodegenTest"/>
  <testcase name="testToJsonStringCompleteExample" time="0.003" classname="org.openapitools.codegen.serializer.SerializerUtilsTest"/>
  <testcase name="testToJsonStringMinimalExample" time="0.0" classname="org.openapitools.codegen.serializer.SerializerUtilsTest"/>
  <testcase name="testToYamlStringCompleteExample" time="0.002" classname="org.openapitools.codegen.serializer.SerializerUtilsTest"/>
  <testcase name="testToYamlStringMinimalExample" time="0.001" classname="org.openapitools.codegen.serializer.SerializerUtilsTest"/>
  <testcase name="testTrimWhitespace" time="0.001" classname="org.openapitools.codegen.templating.mustache.TrimWhitespaceLambdaTest"/>
  <testcase name="testWithApiVersion" time="0.0" classname="org.openapitools.codegen.typescript.typescriptnestjs.TypescriptNestjsApiVersionTest"/>
  <testcase name="testWithNpmVersion" time="0.001" classname="org.openapitools.codegen.typescript.typescriptnestjs.TypescriptNestjsApiVersionTest"/>
  <testcase name="testWithoutApiVersion" time="0.0" classname="org.openapitools.codegen.typescript.typescriptnestjs.TypescriptNestjsApiVersionTest"/>
  <testcase name="testWithApiVersion" time="0.0" classname="org.openapitools.codegen.typescript.typescriptangular.TypescriptAngularApiVersionTest"/>
  <testcase name="testWithNpmVersion" time="0.001" classname="org.openapitools.codegen.typescript.typescriptangular.TypescriptAngularApiVersionTest"/>
  <testcase name="testWithoutApiVersion" time="0.0" classname="org.openapitools.codegen.typescript.typescriptangular.TypescriptAngularApiVersionTest"/>
  <testcase name="titlecaseEmptyStringTest" time="0.0" classname="org.openapitools.codegen.templating.mustache.TitlecaseLambdaTest"/>
  <testcase name="titlecaseSingleLetterTest" time="0.0" classname="org.openapitools.codegen.templating.mustache.TitlecaseLambdaTest"/>
  <testcase name="titlecaseTest" time="0.0" classname="org.openapitools.codegen.templating.mustache.TitlecaseLambdaTest"/>
  <testcase name="titlecaseWithDelimiterTest" time="0.0" classname="org.openapitools.codegen.templating.mustache.TitlecaseLambdaTest"/>
  <testcase name="uppercaseTest" time="0.0" classname="org.openapitools.codegen.templating.mustache.UppercaseLambdaTest"/>
  <testcase name="useCustomEnumSuffixes" time="0.023" classname="org.openapitools.codegen.csharp.CsharpModelEnumTest"/>
  <testcase name="useDefaultEnumSuffixes" time="0.02" classname="org.openapitools.codegen.csharp.CsharpModelEnumTest"/>
  <testcase name="useEmptyEnumSuffixes" time="0.023" classname="org.openapitools.codegen.csharp.CsharpModelEnumTest"/>
  <testcase name="generatesCorrectDirectoryStructure" time="0.0" classname="org.openapitools.codegen.typescript.typescriptangular.TypescriptAngularAdditionalPropertiesIntegrationTest">
    <ignored/>
  </testcase> <!-- generatesCorrectDirectoryStructure -->
  <testcase name="testComposedPropertyTypes" time="0.0" classname="org.openapitools.codegen.DefaultCodegenTest">
    <ignored/>
  </testcase> <!-- testComposedPropertyTypes -->
  <testcase name="generatesCorrectDirectoryStructure" time="0.0" classname="org.openapitools.codegen.typescript.typescriptangular.TypescriptAngularPetstoreIntegrationTest">
    <ignored/>
  </testcase> <!-- generatesCorrectDirectoryStructure -->
  <testcase name="testWebClientWithUseAbstractionForFiles" time="0.0" classname="org.openapitools.codegen.java.JavaClientCodegenTest">
    <ignored/>
  </testcase> <!-- testWebClientWithUseAbstractionForFiles -->
  <testcase name="testRestTemplateWithUseAbstractionForFiles" time="0.0" classname="org.openapitools.codegen.java.JavaClientCodegenTest">
    <ignored/>
  </testcase> <!-- testRestTemplateWithUseAbstractionForFiles -->
  <testcase name="testMultipartCloud" time="0.0" classname="org.openapitools.codegen.java.spring.SpringCodegenTest">
    <ignored/>
  </testcase> <!-- testMultipartCloud -->
  <testcase name="writeUsingMustacheAdapterSkipsNonMustache" time="0.0" classname="org.openapitools.codegen.TemplateManagerTest">
    <ignored/>
  </testcase> <!-- writeUsingMustacheAdapterSkipsNonMustache -->
  <testcase name="generatesCorrectDirectoryStructure" time="0.0" classname="org.openapitools.codegen.AbstractIntegrationTest">
    <ignored/>
  </testcase> <!-- generatesCorrectDirectoryStructure -->
  <testcase name="generatesCorrectDirectoryStructure" time="0.0" classname="org.openapitools.codegen.typescript.typescriptangular.TypescriptAngularParamsStrategyCustomIntegrationTest">
    <ignored/>
  </testcase> <!-- generatesCorrectDirectoryStructure -->
  <testcase name="generatesCorrectDirectoryStructure" time="0.0" classname="org.openapitools.codegen.AbstractIntegrationTest">
    <ignored/>
  </testcase> <!-- generatesCorrectDirectoryStructure -->
  <testcase name="generatesCorrectDirectoryStructure" time="0.0" classname="org.openapitools.codegen.AbstractIntegrationTest">
    <ignored/>
  </testcase> <!-- generatesCorrectDirectoryStructure -->
  <testcase name="generatesCorrectDirectoryStructure" time="0.0" classname="org.openapitools.codegen.typescript.typescriptangular.TypescriptAngularArrayAndObjectIntegrationTest">
    <ignored/>
  </testcase> <!-- generatesCorrectDirectoryStructure -->
  <testcase name="generatesCorrectDirectoryStructure" time="0.0" classname="org.openapitools.codegen.AbstractIntegrationTest">
    <ignored/>
  </testcase> <!-- generatesCorrectDirectoryStructure -->
  <testcase name="testWebClientFormMultipart" time="0.0" classname="org.openapitools.codegen.java.JavaClientCodegenTest">
    <ignored/>
  </testcase> <!-- testWebClientFormMultipart -->
  <testcase name="generatesCorrectDirectoryStructure" time="0.0" classname="org.openapitools.codegen.AbstractIntegrationTest">
    <ignored/>
  </testcase> <!-- generatesCorrectDirectoryStructure -->
  <testcase name="testRestTemplateFormMultipart" time="0.0" classname="org.openapitools.codegen.java.JavaClientCodegenTest">
    <ignored/>
  </testcase> <!-- testRestTemplateFormMultipart -->
  <testcase name="writeUsingHandlebarsAdapterSkipsNonHandlebars" time="0.0" classname="org.openapitools.codegen.TemplateManagerTest">
    <ignored/>
  </testcase> <!-- writeUsingHandlebarsAdapterSkipsNonHandlebars -->
  <testcase name="overrideEnumTest" time="0.0" classname="org.openapitools.codegen.csharp.CsharpModelEnumTest">
    <ignored/>
  </testcase> <!-- overrideEnumTest -->
</testsuite> <!-- Surefire test -->
