<?xml version="1.0" encoding="UTF-8"?>
<testng-results skipped="0" failed="0" ignored="0" total="15" passed="15">
  <reporter-output>
  </reporter-output>
  <suite name="Surefire suite" duration-ms="78" started-at="2023-04-09T10:13:53 UTC" finished-at="2023-04-09T10:13:53 UTC">
    <groups>
    </groups>
    <test name="Surefire test" duration-ms="78" started-at="2023-04-09T10:13:53 UTC" finished-at="2023-04-09T10:13:53 UTC">
      <class name="org.openapitools.codegen.meta.FeatureSetTest">
        <test-method status="PASS" signature="flattOnUnspecified()[pri:0, instance:org.openapitools.codegen.meta.FeatureSetTest@610694f1]" name="flattOnUnspecified" duration-ms="20" started-at="2023-04-09T10:13:53 UTC" finished-at="2023-04-09T10:13:53 UTC">
          <reporter-output>
          </reporter-output>
        </test-method> <!-- flattOnUnspecified -->
        <test-method status="PASS" signature="flattenOnMultipleFeatures()[pri:0, instance:org.openapitools.codegen.meta.FeatureSetTest@610694f1]" name="flattenOnMultipleFeatures" duration-ms="3" started-at="2023-04-09T10:13:53 UTC" finished-at="2023-04-09T10:13:53 UTC">
          <reporter-output>
          </reporter-output>
        </test-method> <!-- flattenOnMultipleFeatures -->
        <test-method status="PASS" signature="flattenOnSingleFeatures()[pri:0, instance:org.openapitools.codegen.meta.FeatureSetTest@610694f1]" name="flattenOnSingleFeatures" duration-ms="2" started-at="2023-04-09T10:13:53 UTC" finished-at="2023-04-09T10:13:53 UTC">
          <reporter-output>
          </reporter-output>
        </test-method> <!-- flattenOnSingleFeatures -->
      </class> <!-- org.openapitools.codegen.meta.FeatureSetTest -->
      <class name="org.openapitools.codegen.validation.ValidatedTest">
        <test-method status="PASS" signature="isValidTrueForValidType()[pri:0, instance:org.openapitools.codegen.validation.ValidatedTest@3dd4520b]" name="isValidTrueForValidType" duration-ms="1" started-at="2023-04-09T10:13:53 UTC" finished-at="2023-04-09T10:13:53 UTC">
          <reporter-output>
          </reporter-output>
        </test-method> <!-- isValidTrueForValidType -->
        <test-method status="PASS" signature="isValidFalseForInvalidType()[pri:0, instance:org.openapitools.codegen.validation.ValidatedTest@3dd4520b]" name="isValidFalseForInvalidType" duration-ms="0" started-at="2023-04-09T10:13:53 UTC" finished-at="2023-04-09T10:13:53 UTC">
          <reporter-output>
          </reporter-output>
        </test-method> <!-- isValidFalseForInvalidType -->
      </class> <!-- org.openapitools.codegen.validation.ValidatedTest -->
      <class name="org.openapitools.codegen.validation.ValidationRuleTest">
        <test-method status="PASS" signature="createMethodUsingLambda()[pri:0, instance:org.openapitools.codegen.validation.ValidationRuleTest@5ae63ade]" name="createMethodUsingLambda" duration-ms="1" started-at="2023-04-09T10:13:53 UTC" finished-at="2023-04-09T10:13:53 UTC">
          <reporter-output>
          </reporter-output>
        </test-method> <!-- createMethodUsingLambda -->
        <test-method status="PASS" signature="createMethodUsingMethodReference()[pri:0, instance:org.openapitools.codegen.validation.ValidationRuleTest@5ae63ade]" name="createMethodUsingMethodReference" duration-ms="0" started-at="2023-04-09T10:13:53 UTC" finished-at="2023-04-09T10:13:53 UTC">
          <reporter-output>
          </reporter-output>
        </test-method> <!-- createMethodUsingMethodReference -->
      </class> <!-- org.openapitools.codegen.validation.ValidationRuleTest -->
      <class name="org.openapitools.codegen.config.WorkflowSettingsTest">
        <test-method status="PASS" signature="defaultValuesCanBeChangedBuilder()[pri:0, instance:org.openapitools.codegen.config.WorkflowSettingsTest@369f73a2]" name="defaultValuesCanBeChangedBuilder" duration-ms="8" started-at="2023-04-09T10:13:53 UTC" finished-at="2023-04-09T10:13:53 UTC">
          <reporter-output>
          </reporter-output>
        </test-method> <!-- defaultValuesCanBeChangedBuilder -->
        <test-method status="PASS" signature="defaultValuesCanBeChangedClassConstructor()[pri:0, instance:org.openapitools.codegen.config.WorkflowSettingsTest@369f73a2]" name="defaultValuesCanBeChangedClassConstructor" duration-ms="0" started-at="2023-04-09T10:13:53 UTC" finished-at="2023-04-09T10:13:53 UTC">
          <reporter-output>
          </reporter-output>
        </test-method> <!-- defaultValuesCanBeChangedClassConstructor -->
        <test-method status="PASS" signature="defaultValuesNotOverriddenByNulls()[pri:0, instance:org.openapitools.codegen.config.WorkflowSettingsTest@369f73a2]" name="defaultValuesNotOverriddenByNulls" duration-ms="1" started-at="2023-04-09T10:13:53 UTC" finished-at="2023-04-09T10:13:53 UTC">
          <reporter-output>
          </reporter-output>
        </test-method> <!-- defaultValuesNotOverriddenByNulls -->
        <test-method status="PASS" signature="newBuilderFromCopyShouldMutateGlobalProperties()[pri:0, instance:org.openapitools.codegen.config.WorkflowSettingsTest@369f73a2]" name="newBuilderFromCopyShouldMutateGlobalProperties" duration-ms="1" started-at="2023-04-09T10:13:53 UTC" finished-at="2023-04-09T10:13:53 UTC">
          <reporter-output>
          </reporter-output>
        </test-method> <!-- newBuilderFromCopyShouldMutateGlobalProperties -->
      </class> <!-- org.openapitools.codegen.config.WorkflowSettingsTest -->
      <class name="org.openapitools.codegen.validation.GenericValidatorTest">
        <test-method status="PASS" signature="testGenericValidatorErrorsAndWarnings()[pri:0, instance:org.openapitools.codegen.validation.GenericValidatorTest@23e028a9]" name="testGenericValidatorErrorsAndWarnings" duration-ms="3" started-at="2023-04-09T10:13:53 UTC" finished-at="2023-04-09T10:13:53 UTC">
          <reporter-output>
          </reporter-output>
        </test-method> <!-- testGenericValidatorErrorsAndWarnings -->
        <test-method status="PASS" signature="testGenericValidatorMultipleConditionsFail()[pri:0, instance:org.openapitools.codegen.validation.GenericValidatorTest@23e028a9]" name="testGenericValidatorMultipleConditionsFail" duration-ms="1" started-at="2023-04-09T10:13:53 UTC" finished-at="2023-04-09T10:13:53 UTC">
          <reporter-output>
          </reporter-output>
        </test-method> <!-- testGenericValidatorMultipleConditionsFail -->
        <test-method status="PASS" signature="testGenericValidatorSingleConditionFails()[pri:0, instance:org.openapitools.codegen.validation.GenericValidatorTest@23e028a9]" name="testGenericValidatorSingleConditionFails" duration-ms="1" started-at="2023-04-09T10:13:53 UTC" finished-at="2023-04-09T10:13:53 UTC">
          <reporter-output>
          </reporter-output>
        </test-method> <!-- testGenericValidatorSingleConditionFails -->
        <test-method status="PASS" signature="testGenericValidatorSuccesses()[pri:0, instance:org.openapitools.codegen.validation.GenericValidatorTest@23e028a9]" name="testGenericValidatorSuccesses" duration-ms="0" started-at="2023-04-09T10:13:53 UTC" finished-at="2023-04-09T10:13:53 UTC">
          <reporter-output>
          </reporter-output>
        </test-method> <!-- testGenericValidatorSuccesses -->
      </class> <!-- org.openapitools.codegen.validation.GenericValidatorTest -->
    </test> <!-- Surefire test -->
  </suite> <!-- Surefire suite -->
</testng-results>
