<?xml version="1.0" encoding="UTF-8"?>
<!-- Generated by org.testng.reporters.JUnitXMLReporter -->
<testsuite hostname="a2d94430ae94" ignored="0" name="Surefire test" tests="15" failures="0" timestamp="2023-04-09T10:13:53 UTC" time="0.078" errors="0">
  <testcase name="defaultValuesCanBeChangedBuilder" time="0.008" classname="org.openapitools.codegen.config.WorkflowSettingsTest"/>
  <testcase name="defaultValuesCanBeChangedClassConstructor" time="0.0" classname="org.openapitools.codegen.config.WorkflowSettingsTest"/>
  <testcase name="defaultValuesNotOverriddenByNulls" time="0.001" classname="org.openapitools.codegen.config.WorkflowSettingsTest"/>
  <testcase name="newBuilderFromCopyShouldMutateGlobalProperties" time="0.001" classname="org.openapitools.codegen.config.WorkflowSettingsTest"/>
  <testcase name="testGenericValidatorErrorsAndWarnings" time="0.003" classname="org.openapitools.codegen.validation.GenericValidatorTest"/>
  <testcase name="testGenericValidatorMultipleConditionsFail" time="0.001" classname="org.openapitools.codegen.validation.GenericValidatorTest"/>
  <testcase name="testGenericValidatorSingleConditionFails" time="0.001" classname="org.openapitools.codegen.validation.GenericValidatorTest"/>
  <testcase name="testGenericValidatorSuccesses" time="0.0" classname="org.openapitools.codegen.validation.GenericValidatorTest"/>
  <testcase name="isValidFalseForInvalidType" time="0.0" classname="org.openapitools.codegen.validation.ValidatedTest"/>
  <testcase name="isValidTrueForValidType" time="0.001" classname="org.openapitools.codegen.validation.ValidatedTest"/>
  <testcase name="createMethodUsingLambda" time="0.001" classname="org.openapitools.codegen.validation.ValidationRuleTest"/>
  <testcase name="createMethodUsingMethodReference" time="0.0" classname="org.openapitools.codegen.validation.ValidationRuleTest"/>
  <testcase name="flattOnUnspecified" time="0.02" classname="org.openapitools.codegen.meta.FeatureSetTest"/>
  <testcase name="flattenOnMultipleFeatures" time="0.003" classname="org.openapitools.codegen.meta.FeatureSetTest"/>
  <testcase name="flattenOnSingleFeatures" time="0.002" classname="org.openapitools.codegen.meta.FeatureSetTest"/>
</testsuite> <!-- Surefire test -->
