<?xml version="1.0" encoding="UTF-8"?>
<testsuite xmlns:xsi="http://www.w3.org/2001/XMLSchema-instance" xsi:noNamespaceSchemaLocation="https://maven.apache.org/surefire/maven-surefire-plugin/xsd/surefire-test-report-3.0.xsd" version="3.0" name="TestSuite" time="3.451" tests="48" errors="0" skipped="0" failures="0">
  <properties>
[...]
</properties>
  <testcase name="smokeTestAuthorTemplateCommand" classname="org.openapitools.codegen.cmd.AuthorTemplateTest" time="0.393">
    <system-out><![CDATA[[TestNG-test=Surefire test-1] INFO  o.o.codegen.cmd.AuthorTemplate - Extracted templates to '/tmp/AuthorTemplateTest5336627562054320581' directory. Refer to https://openapi-generator.tech/docs/templating for customization details.
]]></system-out>
  </testcase>
  <testcase name="testDeserializerWithJsonInclude[jaxrs-datelib-j8.json](1)" classname="org.openapitools.codegen.cmd.GenerateBatchTest" time="0.458"/>
  <testcase name="testDeserializerWithJsonInclude[jaxrs-datelib-j8.yaml](2)" classname="org.openapitools.codegen.cmd.GenerateBatchTest" time="0.043"/>
  <testcase name="testDeserializerWithJsonInclude[jaxrs-datelib-j8-json-include.yaml](3)" classname="org.openapitools.codegen.cmd.GenerateBatchTest" time="0.038"/>
  <testcase name="testDeserializerWithJsonInclude[jaxrs-datelib-j8-double.json](4)" classname="org.openapitools.codegen.cmd.GenerateBatchTest" time="0.025"/>
  <testcase name="testDeserializerWithJsonInclude[jaxrs-datelib-j8-double.yaml](5)" classname="org.openapitools.codegen.cmd.GenerateBatchTest" time="0.031"/>
  <testcase name="testDeserializerWithJsonInclude[jaxrs-datelib-j8-nested.json](6)" classname="org.openapitools.codegen.cmd.GenerateBatchTest" time="0.026"/>
  <testcase name="testDeserializerWithJsonInclude[jaxrs-datelib-j8-nested.yaml](7)" classname="org.openapitools.codegen.cmd.GenerateBatchTest" time="0.02"/>
  <testcase name="testDeserializerWithJsonInclude[jaxrs-datelib-j8-nested-property-merge.yaml](8)" classname="org.openapitools.codegen.cmd.GenerateBatchTest" time="0.028"/>
  <testcase name="testInvalidDeserializerWithIncludeOption" classname="org.openapitools.codegen.cmd.GenerateBatchTest" time="0.009">
    <system-err><![CDATA[[TestNG-test=Surefire test-1] ERROR o.o.c.config.CodegenConfigurator - Unexpected character ('-' (code 45)) in numeric value: expected digit (0-9) to follow minus sign, for valid numeric value
 at [Source: (File); line: 1, column: 3]
[TestNG-test=Surefire test-1] ERROR o.o.c.config.CodegenConfigurator - Unexpected character ('-' (code 45)) in numeric value: expected digit (0-9) to follow minus sign, for valid numeric value
 at [Source: (File); line: 1, column: 3]
]]></system-err>
  </testcase>
  <testcase name="testAdditionalPropertiesLong" classname="org.openapitools.codegen.cmd.GenerateTest" time="0.049"/>
  <testcase name="testAdditionalPropertiesLongMultiple" classname="org.openapitools.codegen.cmd.GenerateTest" time="0.023"/>
  <testcase name="testApiPackage" classname="org.openapitools.codegen.cmd.GenerateTest" time="0.021"/>
  <testcase name="testArtifactId" classname="org.openapitools.codegen.cmd.GenerateTest" time="0.027"/>
  <testcase name="testArtifactVersion" classname="org.openapitools.codegen.cmd.GenerateTest" time="0.018"/>
  <testcase name="testAuthLong" classname="org.openapitools.codegen.cmd.GenerateTest" time="0.018"/>
  <testcase name="testAuthShort" classname="org.openapitools.codegen.cmd.GenerateTest" time="0.018"/>
  <testcase name="testAuthUnspecified" classname="org.openapitools.codegen.cmd.GenerateTest" time="0.023"/>
  <testcase name="testConfigJsonLong" classname="org.openapitools.codegen.cmd.GenerateTest" time="0.022"/>
  <testcase name="testConfigJsonShort" classname="org.openapitools.codegen.cmd.GenerateTest" time="0.016"/>
  <testcase name="testConfigYamlLong" classname="org.openapitools.codegen.cmd.GenerateTest" time="0.019"/>
  <testcase name="testConfigYamlShort" classname="org.openapitools.codegen.cmd.GenerateTest" time="0.021"/>
  <testcase name="testGroupId" classname="org.openapitools.codegen.cmd.GenerateTest" time="0.019"/>
  <testcase name="testImportMappingsLong" classname="org.openapitools.codegen.cmd.GenerateTest" time="0.02"/>
  <testcase name="testImportMappingsLongMultiple" classname="org.openapitools.codegen.cmd.GenerateTest" time="0.02"/>
  <testcase name="testInstantiationTypesLong" classname="org.openapitools.codegen.cmd.GenerateTest" time="0.02"/>
  <testcase name="testInstantiationTypesLongMultiple" classname="org.openapitools.codegen.cmd.GenerateTest" time="0.02"/>
  <testcase name="testInvokerPackage" classname="org.openapitools.codegen.cmd.GenerateTest" time="0.019"/>
  <testcase name="testLanguageSpecificPrimitives" classname="org.openapitools.codegen.cmd.GenerateTest" time="0.018"/>
  <testcase name="testLibrary" classname="org.openapitools.codegen.cmd.GenerateTest" time="0.018"/>
  <testcase name="testModelPackage" classname="org.openapitools.codegen.cmd.GenerateTest" time="0.017"/>
  <testcase name="testNPEWithInvalidSpecFile" classname="org.openapitools.codegen.cmd.GenerateTest" time="0.064">
    <system-out><![CDATA[[TestNG-test=Surefire test-1] WARN  io.swagger.v3.parser.OpenAPIV3Parser - Exception while resolving:
java.lang.NullPointerException: null
	at io.swagger.v3.parser.processors.SchemaProcessor.processArraySchema(SchemaProcessor.java:219)
	at io.swagger.v3.parser.processors.SchemaProcessor.processSchemaType(SchemaProcessor.java:70)
	at io.swagger.v3.parser.processors.SchemaProcessor.processPropertySchema(SchemaProcessor.java:140)
	at io.swagger.v3.parser.processors.SchemaProcessor.processSchemaType(SchemaProcessor.java:77)
	at io.swagger.v3.parser.processors.SchemaProcessor.processSchema(SchemaProcessor.java:62)
	at io.swagger.v3.parser.processors.ResponseProcessor.processResponse(ResponseProcessor.java:56)
	at io.swagger.v3.parser.processors.OperationProcessor.processOperation(OperationProcessor.java:86)
	at io.swagger.v3.parser.processors.PathsProcessor.processPaths(PathsProcessor.java:88)
	at io.swagger.v3.parser.OpenAPIResolver.resolve(OpenAPIResolver.java:72)
	at io.swagger.v3.parser.OpenAPIResolver.resolve(OpenAPIResolver.java:59)
	at io.swagger.v3.parser.OpenAPIV3Parser.resolve(OpenAPIV3Parser.java:226)
	at io.swagger.v3.parser.OpenAPIV3Parser.readContents(OpenAPIV3Parser.java:178)
	at io.swagger.v3.parser.OpenAPIV3Parser.readLocation(OpenAPIV3Parser.java:94)
	at io.swagger.parser.OpenAPIParser.readLocation(OpenAPIParser.java:16)
	at org.openapitools.codegen.config.CodegenConfigurator.toContext(CodegenConfigurator.java:589)
	at org.openapitools.codegen.config.CodegenConfigurator$MockitoMock$PWYkZynU.toContext$accessor$IPrB00MW(Unknown Source)
	at org.openapitools.codegen.config.CodegenConfigurator$MockitoMock$PWYkZynU$auxiliary$2kmNXEzR.call(Unknown Source)
	at org.mockito.internal.invocation.RealMethod$FromCallable$1.call(RealMethod.java:40)
	at org.mockito.internal.invocation.RealMethod$FromBehavior.invoke(RealMethod.java:62)
	at org.mockito.internal.invocation.InterceptedInvocation.callRealMethod(InterceptedInvocation.java:142)
	at org.mockito.internal.stubbing.answers.CallsRealMethods.answer(CallsRealMethods.java:45)
	at org.mockito.Answers.answer(Answers.java:90)
	at org.mockito.internal.handler.MockHandlerImpl.handle(MockHandlerImpl.java:111)
	at org.mockito.internal.handler.NullResultGuardian.handle(NullResultGuardian.java:29)
	at org.mockito.internal.handler.InvocationNotifierHandler.handle(InvocationNotifierHandler.java:34)
	at org.mockito.internal.creation.bytebuddy.MockMethodInterceptor.doIntercept(MockMethodInterceptor.java:82)
	at org.mockito.internal.creation.bytebuddy.MockMethodInterceptor.doIntercept(MockMethodInterceptor.java:56)
	at org.mockito.internal.creation.bytebuddy.MockMethodInterceptor$DispatcherDefaultingToRealMethod.interceptSuperCallable(MockMethodInterceptor.java:145)
	at org.openapitools.codegen.config.CodegenConfigurator$MockitoMock$PWYkZynU.toContext(Unknown Source)
	at org.openapitools.codegen.config.CodegenConfigurator.toClientOptInput(CodegenConfigurator.java:647)
	at org.openapitools.codegen.config.CodegenConfigurator$MockitoMock$PWYkZynU.toClientOptInput$accessor$IPrB00MW(Unknown Source)
	at org.openapitools.codegen.config.CodegenConfigurator$MockitoMock$PWYkZynU$auxiliary$unFhTrBD.call(Unknown Source)
	at org.mockito.internal.invocation.RealMethod$FromCallable$1.call(RealMethod.java:40)
	at org.mockito.internal.invocation.RealMethod$FromBehavior.invoke(RealMethod.java:62)
	at org.mockito.internal.invocation.InterceptedInvocation.callRealMethod(InterceptedInvocation.java:142)
	at org.mockito.internal.stubbing.answers.CallsRealMethods.answer(CallsRealMethods.java:45)
	at org.mockito.Answers.answer(Answers.java:90)
	at org.mockito.internal.handler.MockHandlerImpl.handle(MockHandlerImpl.java:111)
	at org.mockito.internal.handler.NullResultGuardian.handle(NullResultGuardian.java:29)
	at org.mockito.internal.handler.InvocationNotifierHandler.handle(InvocationNotifierHandler.java:34)
	at org.mockito.internal.creation.bytebuddy.MockMethodInterceptor.doIntercept(MockMethodInterceptor.java:82)
	at org.mockito.internal.creation.bytebuddy.MockMethodInterceptor.doIntercept(MockMethodInterceptor.java:56)
	at org.mockito.internal.creation.bytebuddy.MockMethodInterceptor$DispatcherDefaultingToRealMethod.interceptSuperCallable(MockMethodInterceptor.java:145)
	at org.openapitools.codegen.config.CodegenConfigurator$MockitoMock$PWYkZynU.toClientOptInput(Unknown Source)
	at org.openapitools.codegen.cmd.Generate.execute(Generate.java:479)
	at org.openapitools.codegen.cmd.OpenApiGeneratorCommand.run(OpenApiGeneratorCommand.java:32)
	at org.openapitools.codegen.cmd.GenerateTest.setupAndRunTest(GenerateTest.java:122)
	at org.openapitools.codegen.cmd.GenerateTest.testNPEWithInvalidSpecFile(GenerateTest.java:441)
	at sun.reflect.NativeMethodAccessorImpl.invoke0(Native Method)
	at sun.reflect.NativeMethodAccessorImpl.invoke(NativeMethodAccessorImpl.java:62)
	at sun.reflect.DelegatingMethodAccessorImpl.invoke(DelegatingMethodAccessorImpl.java:43)
	at java.lang.reflect.Method.invoke(Method.java:498)
	at org.testng.internal.invokers.MethodInvocationHelper.invokeMethod(MethodInvocationHelper.java:135)
	at org.testng.internal.invokers.TestInvoker.invokeMethod(TestInvoker.java:673)
	at org.testng.internal.invokers.TestInvoker.invokeTestMethod(TestInvoker.java:220)
	at org.testng.internal.invokers.MethodRunner.runInSequence(MethodRunner.java:50)
	at org.testng.internal.invokers.TestInvoker$MethodInvocationAgent.invoke(TestInvoker.java:945)
	at org.testng.internal.invokers.TestInvoker.invokeTestMethods(TestInvoker.java:193)
	at org.testng.internal.invokers.TestMethodWorker.invokeTestMethods(TestMethodWorker.java:146)
	at org.testng.internal.invokers.TestMethodWorker.run(TestMethodWorker.java:128)
	at java.util.concurrent.ThreadPoolExecutor.runWorker(ThreadPoolExecutor.java:1149)
	at java.util.concurrent.ThreadPoolExecutor$Worker.run(ThreadPoolExecutor.java:624)
	at java.lang.Thread.run(Thread.java:750)
]]></system-out>
    <system-err><![CDATA[[error] There is an error with OpenAPI specification parsed from the input spec file: src/test/resources/npe-test.yaml
[error] Please make sure the spec file has correct format and all required fields are populated with valid value.
]]></system-err>
  </testcase>
  <testcase name="testPackageName" classname="org.openapitools.codegen.cmd.GenerateTest" time="0.014"/>
  <testcase name="testRequiredArgs_LongArgs" classname="org.openapitools.codegen.cmd.GenerateTest" time="0.016"/>
  <testcase name="testRequiredArgs_ShortArgs" classname="org.openapitools.codegen.cmd.GenerateTest" time="0.015"/>
  <testcase name="testSkipOverwriteLong" classname="org.openapitools.codegen.cmd.GenerateTest" time="0.012"/>
  <testcase name="testSkipOverwriteShort" classname="org.openapitools.codegen.cmd.GenerateTest" time="0.016"/>
  <testcase name="testStrictSpecFalse" classname="org.openapitools.codegen.cmd.GenerateTest" time="0.013"/>
  <testcase name="testStrictSpecTrue" classname="org.openapitools.codegen.cmd.GenerateTest" time="0.016"/>
  <testcase name="testTemplateDirLong" classname="org.openapitools.codegen.cmd.GenerateTest" time="0.019"/>
  <testcase name="testTemplateDirMustExist" classname="org.openapitools.codegen.cmd.GenerateTest" time="0.003"/>
  <testcase name="testTemplateDirShort" classname="org.openapitools.codegen.cmd.GenerateTest" time="0.018"/>
  <testcase name="testTypeMappingsLong" classname="org.openapitools.codegen.cmd.GenerateTest" time="0.014"/>
  <testcase name="testTypeMappingsLongMultiple" classname="org.openapitools.codegen.cmd.GenerateTest" time="0.012"/>
  <testcase name="testVerboseLong" classname="org.openapitools.codegen.cmd.GenerateTest" time="0.016">
    <system-out><![CDATA[[TestNG-test=Surefire test-1] INFO  o.o.c.config.CodegenConfigurator - 
VERBOSE MODE: ON. Additional debug options are injected
 - [debugOpenAPI] prints the OpenAPI specification as interpreted by the codegen
 - [debugModels] prints models passed to the template engine
 - [debugOperations] prints operations passed to the template engine
 - [debugSupportingFiles] prints additional data passed to the template engine
]]></system-out>
  </testcase>
  <testcase name="testVerboseShort" classname="org.openapitools.codegen.cmd.GenerateTest" time="0.018">
    <system-out><![CDATA[[TestNG-test=Surefire test-1] INFO  o.o.c.config.CodegenConfigurator - 
VERBOSE MODE: ON. Additional debug options are injected
 - [debugOpenAPI] prints the OpenAPI specification as interpreted by the codegen
 - [debugModels] prints models passed to the template engine
 - [debugOperations] prints operations passed to the template engine
 - [debugSupportingFiles] prints additional data passed to the template engine
]]></system-out>
  </testcase>
  <testcase name="splitCommaSeparatedList" classname="org.openapitools.codegen.cmd.utils.OptionUtilsTest" time="0.002"/>
  <testcase name="testParseCommaSeparatedTuples" classname="org.openapitools.codegen.cmd.utils.OptionUtilsTest" time="0"/>
</testsuite>